

Processing ApplicationController#index (for 127.0.0.1 at 2010-11-04 00:46:39) [GET]

ActionController::RoutingError (No route matches "/" with {:method=>:get}):
  /home/administrador/.passenger/standalone/3.0.0.pre3-x86_64-ruby1.8.7-linux-gcc4.3.3-1002/support/lib/phusion_passenger/rack/request_handler.rb:96:in `process_request'
  /home/administrador/.passenger/standalone/3.0.0.pre3-x86_64-ruby1.8.7-linux-gcc4.3.3-1002/support/lib/phusion_passenger/abstract_request_handler.rb:513:in `accept_and_process_next_request'
  /home/administrador/.passenger/standalone/3.0.0.pre3-x86_64-ruby1.8.7-linux-gcc4.3.3-1002/support/lib/phusion_passenger/abstract_request_handler.rb:274:in `main_loop'
  /home/administrador/.passenger/standalone/3.0.0.pre3-x86_64-ruby1.8.7-linux-gcc4.3.3-1002/support/lib/phusion_passenger/classic_rails/application_spawner.rb:321:in `start_request_handler'
  /home/administrador/.passenger/standalone/3.0.0.pre3-x86_64-ruby1.8.7-linux-gcc4.3.3-1002/support/lib/phusion_passenger/classic_rails/application_spawner.rb:275:in `send'
  /home/administrador/.passenger/standalone/3.0.0.pre3-x86_64-ruby1.8.7-linux-gcc4.3.3-1002/support/lib/phusion_passenger/classic_rails/application_spawner.rb:275:in `handle_spawn_application'
  /home/administrador/.passenger/standalone/3.0.0.pre3-x86_64-ruby1.8.7-linux-gcc4.3.3-1002/support/lib/phusion_passenger/utils.rb:479:in `safe_fork'
  /home/administrador/.passenger/standalone/3.0.0.pre3-x86_64-ruby1.8.7-linux-gcc4.3.3-1002/support/lib/phusion_passenger/classic_rails/application_spawner.rb:270:in `handle_spawn_application'
  /home/administrador/.passenger/standalone/3.0.0.pre3-x86_64-ruby1.8.7-linux-gcc4.3.3-1002/support/lib/phusion_passenger/abstract_server.rb:357:in `__send__'
  /home/administrador/.passenger/standalone/3.0.0.pre3-x86_64-ruby1.8.7-linux-gcc4.3.3-1002/support/lib/phusion_passenger/abstract_server.rb:357:in `server_main_loop'
  /home/administrador/.passenger/standalone/3.0.0.pre3-x86_64-ruby1.8.7-linux-gcc4.3.3-1002/support/lib/phusion_passenger/abstract_server.rb:206:in `start_synchronously'
  /home/administrador/.passenger/standalone/3.0.0.pre3-x86_64-ruby1.8.7-linux-gcc4.3.3-1002/support/lib/phusion_passenger/abstract_server.rb:180:in `start'
  /home/administrador/.passenger/standalone/3.0.0.pre3-x86_64-ruby1.8.7-linux-gcc4.3.3-1002/support/lib/phusion_passenger/classic_rails/application_spawner.rb:149:in `start'
  /home/administrador/.passenger/standalone/3.0.0.pre3-x86_64-ruby1.8.7-linux-gcc4.3.3-1002/support/lib/phusion_passenger/spawn_manager.rb:219:in `spawn_rails_application'
  /home/administrador/.passenger/standalone/3.0.0.pre3-x86_64-ruby1.8.7-linux-gcc4.3.3-1002/support/lib/phusion_passenger/abstract_server_collection.rb:132:in `lookup_or_add'
  /home/administrador/.passenger/standalone/3.0.0.pre3-x86_64-ruby1.8.7-linux-gcc4.3.3-1002/support/lib/phusion_passenger/spawn_manager.rb:214:in `spawn_rails_application'
  /home/administrador/.passenger/standalone/3.0.0.pre3-x86_64-ruby1.8.7-linux-gcc4.3.3-1002/support/lib/phusion_passenger/abstract_server_collection.rb:82:in `synchronize'
  /home/administrador/.passenger/standalone/3.0.0.pre3-x86_64-ruby1.8.7-linux-gcc4.3.3-1002/support/lib/phusion_passenger/abstract_server_collection.rb:79:in `synchronize'
  /home/administrador/.passenger/standalone/3.0.0.pre3-x86_64-ruby1.8.7-linux-gcc4.3.3-1002/support/lib/phusion_passenger/spawn_manager.rb:213:in `spawn_rails_application'
  /home/administrador/.passenger/standalone/3.0.0.pre3-x86_64-ruby1.8.7-linux-gcc4.3.3-1002/support/lib/phusion_passenger/spawn_manager.rb:132:in `spawn_application'
  /home/administrador/.passenger/standalone/3.0.0.pre3-x86_64-ruby1.8.7-linux-gcc4.3.3-1002/support/lib/phusion_passenger/spawn_manager.rb:275:in `handle_spawn_application'
  /home/administrador/.passenger/standalone/3.0.0.pre3-x86_64-ruby1.8.7-linux-gcc4.3.3-1002/support/lib/phusion_passenger/abstract_server.rb:357:in `__send__'
  /home/administrador/.passenger/standalone/3.0.0.pre3-x86_64-ruby1.8.7-linux-gcc4.3.3-1002/support/lib/phusion_passenger/abstract_server.rb:357:in `server_main_loop'
  /home/administrador/.passenger/standalone/3.0.0.pre3-x86_64-ruby1.8.7-linux-gcc4.3.3-1002/support/lib/phusion_passenger/abstract_server.rb:206:in `start_synchronously'
  /home/administrador/.passenger/standalone/3.0.0.pre3-x86_64-ruby1.8.7-linux-gcc4.3.3-1002/support/helper-scripts/passenger-spawn-server:99

Rendering rescues/layout (not_found)


Processing ApplicationController#index (for 127.0.0.1 at 2010-11-04 00:46:59) [GET]

NameError (uninitialized constant WelcomeController):
  /home/administrador/.passenger/standalone/3.0.0.pre3-x86_64-ruby1.8.7-linux-gcc4.3.3-1002/support/lib/phusion_passenger/rack/request_handler.rb:96:in `process_request'
  /home/administrador/.passenger/standalone/3.0.0.pre3-x86_64-ruby1.8.7-linux-gcc4.3.3-1002/support/lib/phusion_passenger/abstract_request_handler.rb:513:in `accept_and_process_next_request'
  /home/administrador/.passenger/standalone/3.0.0.pre3-x86_64-ruby1.8.7-linux-gcc4.3.3-1002/support/lib/phusion_passenger/abstract_request_handler.rb:274:in `main_loop'
  /home/administrador/.passenger/standalone/3.0.0.pre3-x86_64-ruby1.8.7-linux-gcc4.3.3-1002/support/lib/phusion_passenger/classic_rails/application_spawner.rb:321:in `start_request_handler'
  /home/administrador/.passenger/standalone/3.0.0.pre3-x86_64-ruby1.8.7-linux-gcc4.3.3-1002/support/lib/phusion_passenger/classic_rails/application_spawner.rb:275:in `send'
  /home/administrador/.passenger/standalone/3.0.0.pre3-x86_64-ruby1.8.7-linux-gcc4.3.3-1002/support/lib/phusion_passenger/classic_rails/application_spawner.rb:275:in `handle_spawn_application'
  /home/administrador/.passenger/standalone/3.0.0.pre3-x86_64-ruby1.8.7-linux-gcc4.3.3-1002/support/lib/phusion_passenger/utils.rb:479:in `safe_fork'
  /home/administrador/.passenger/standalone/3.0.0.pre3-x86_64-ruby1.8.7-linux-gcc4.3.3-1002/support/lib/phusion_passenger/classic_rails/application_spawner.rb:270:in `handle_spawn_application'
  /home/administrador/.passenger/standalone/3.0.0.pre3-x86_64-ruby1.8.7-linux-gcc4.3.3-1002/support/lib/phusion_passenger/abstract_server.rb:357:in `__send__'
  /home/administrador/.passenger/standalone/3.0.0.pre3-x86_64-ruby1.8.7-linux-gcc4.3.3-1002/support/lib/phusion_passenger/abstract_server.rb:357:in `server_main_loop'
  /home/administrador/.passenger/standalone/3.0.0.pre3-x86_64-ruby1.8.7-linux-gcc4.3.3-1002/support/lib/phusion_passenger/abstract_server.rb:206:in `start_synchronously'
  /home/administrador/.passenger/standalone/3.0.0.pre3-x86_64-ruby1.8.7-linux-gcc4.3.3-1002/support/lib/phusion_passenger/abstract_server.rb:180:in `start'
  /home/administrador/.passenger/standalone/3.0.0.pre3-x86_64-ruby1.8.7-linux-gcc4.3.3-1002/support/lib/phusion_passenger/classic_rails/application_spawner.rb:149:in `start'
  /home/administrador/.passenger/standalone/3.0.0.pre3-x86_64-ruby1.8.7-linux-gcc4.3.3-1002/support/lib/phusion_passenger/spawn_manager.rb:219:in `spawn_rails_application'
  /home/administrador/.passenger/standalone/3.0.0.pre3-x86_64-ruby1.8.7-linux-gcc4.3.3-1002/support/lib/phusion_passenger/abstract_server_collection.rb:132:in `lookup_or_add'
  /home/administrador/.passenger/standalone/3.0.0.pre3-x86_64-ruby1.8.7-linux-gcc4.3.3-1002/support/lib/phusion_passenger/spawn_manager.rb:214:in `spawn_rails_application'
  /home/administrador/.passenger/standalone/3.0.0.pre3-x86_64-ruby1.8.7-linux-gcc4.3.3-1002/support/lib/phusion_passenger/abstract_server_collection.rb:82:in `synchronize'
  /home/administrador/.passenger/standalone/3.0.0.pre3-x86_64-ruby1.8.7-linux-gcc4.3.3-1002/support/lib/phusion_passenger/abstract_server_collection.rb:79:in `synchronize'
  /home/administrador/.passenger/standalone/3.0.0.pre3-x86_64-ruby1.8.7-linux-gcc4.3.3-1002/support/lib/phusion_passenger/spawn_manager.rb:213:in `spawn_rails_application'
  /home/administrador/.passenger/standalone/3.0.0.pre3-x86_64-ruby1.8.7-linux-gcc4.3.3-1002/support/lib/phusion_passenger/spawn_manager.rb:132:in `spawn_application'
  /home/administrador/.passenger/standalone/3.0.0.pre3-x86_64-ruby1.8.7-linux-gcc4.3.3-1002/support/lib/phusion_passenger/spawn_manager.rb:275:in `handle_spawn_application'
  /home/administrador/.passenger/standalone/3.0.0.pre3-x86_64-ruby1.8.7-linux-gcc4.3.3-1002/support/lib/phusion_passenger/abstract_server.rb:357:in `__send__'
  /home/administrador/.passenger/standalone/3.0.0.pre3-x86_64-ruby1.8.7-linux-gcc4.3.3-1002/support/lib/phusion_passenger/abstract_server.rb:357:in `server_main_loop'
  /home/administrador/.passenger/standalone/3.0.0.pre3-x86_64-ruby1.8.7-linux-gcc4.3.3-1002/support/lib/phusion_passenger/abstract_server.rb:206:in `start_synchronously'
  /home/administrador/.passenger/standalone/3.0.0.pre3-x86_64-ruby1.8.7-linux-gcc4.3.3-1002/support/helper-scripts/passenger-spawn-server:99

Rendered rescues/_trace (196.8ms)
Rendered rescues/_request_and_response (2.1ms)
Rendering rescues/layout (internal_server_error)


Processing ApplicationController#index (for 127.0.0.1 at 2010-11-04 00:47:51) [GET]

NameError (uninitialized constant WelcomeController):
  /home/administrador/.passenger/standalone/3.0.0.pre3-x86_64-ruby1.8.7-linux-gcc4.3.3-1002/support/lib/phusion_passenger/rack/request_handler.rb:96:in `process_request'
  /home/administrador/.passenger/standalone/3.0.0.pre3-x86_64-ruby1.8.7-linux-gcc4.3.3-1002/support/lib/phusion_passenger/abstract_request_handler.rb:513:in `accept_and_process_next_request'
  /home/administrador/.passenger/standalone/3.0.0.pre3-x86_64-ruby1.8.7-linux-gcc4.3.3-1002/support/lib/phusion_passenger/abstract_request_handler.rb:274:in `main_loop'
  /home/administrador/.passenger/standalone/3.0.0.pre3-x86_64-ruby1.8.7-linux-gcc4.3.3-1002/support/lib/phusion_passenger/classic_rails/application_spawner.rb:321:in `start_request_handler'
  /home/administrador/.passenger/standalone/3.0.0.pre3-x86_64-ruby1.8.7-linux-gcc4.3.3-1002/support/lib/phusion_passenger/classic_rails/application_spawner.rb:275:in `send'
  /home/administrador/.passenger/standalone/3.0.0.pre3-x86_64-ruby1.8.7-linux-gcc4.3.3-1002/support/lib/phusion_passenger/classic_rails/application_spawner.rb:275:in `handle_spawn_application'
  /home/administrador/.passenger/standalone/3.0.0.pre3-x86_64-ruby1.8.7-linux-gcc4.3.3-1002/support/lib/phusion_passenger/utils.rb:479:in `safe_fork'
  /home/administrador/.passenger/standalone/3.0.0.pre3-x86_64-ruby1.8.7-linux-gcc4.3.3-1002/support/lib/phusion_passenger/classic_rails/application_spawner.rb:270:in `handle_spawn_application'
  /home/administrador/.passenger/standalone/3.0.0.pre3-x86_64-ruby1.8.7-linux-gcc4.3.3-1002/support/lib/phusion_passenger/abstract_server.rb:357:in `__send__'
  /home/administrador/.passenger/standalone/3.0.0.pre3-x86_64-ruby1.8.7-linux-gcc4.3.3-1002/support/lib/phusion_passenger/abstract_server.rb:357:in `server_main_loop'
  /home/administrador/.passenger/standalone/3.0.0.pre3-x86_64-ruby1.8.7-linux-gcc4.3.3-1002/support/lib/phusion_passenger/abstract_server.rb:206:in `start_synchronously'
  /home/administrador/.passenger/standalone/3.0.0.pre3-x86_64-ruby1.8.7-linux-gcc4.3.3-1002/support/lib/phusion_passenger/abstract_server.rb:180:in `start'
  /home/administrador/.passenger/standalone/3.0.0.pre3-x86_64-ruby1.8.7-linux-gcc4.3.3-1002/support/lib/phusion_passenger/classic_rails/application_spawner.rb:149:in `start'
  /home/administrador/.passenger/standalone/3.0.0.pre3-x86_64-ruby1.8.7-linux-gcc4.3.3-1002/support/lib/phusion_passenger/spawn_manager.rb:219:in `spawn_rails_application'
  /home/administrador/.passenger/standalone/3.0.0.pre3-x86_64-ruby1.8.7-linux-gcc4.3.3-1002/support/lib/phusion_passenger/abstract_server_collection.rb:132:in `lookup_or_add'
  /home/administrador/.passenger/standalone/3.0.0.pre3-x86_64-ruby1.8.7-linux-gcc4.3.3-1002/support/lib/phusion_passenger/spawn_manager.rb:214:in `spawn_rails_application'
  /home/administrador/.passenger/standalone/3.0.0.pre3-x86_64-ruby1.8.7-linux-gcc4.3.3-1002/support/lib/phusion_passenger/abstract_server_collection.rb:82:in `synchronize'
  /home/administrador/.passenger/standalone/3.0.0.pre3-x86_64-ruby1.8.7-linux-gcc4.3.3-1002/support/lib/phusion_passenger/abstract_server_collection.rb:79:in `synchronize'
  /home/administrador/.passenger/standalone/3.0.0.pre3-x86_64-ruby1.8.7-linux-gcc4.3.3-1002/support/lib/phusion_passenger/spawn_manager.rb:213:in `spawn_rails_application'
  /home/administrador/.passenger/standalone/3.0.0.pre3-x86_64-ruby1.8.7-linux-gcc4.3.3-1002/support/lib/phusion_passenger/spawn_manager.rb:132:in `spawn_application'
  /home/administrador/.passenger/standalone/3.0.0.pre3-x86_64-ruby1.8.7-linux-gcc4.3.3-1002/support/lib/phusion_passenger/spawn_manager.rb:275:in `handle_spawn_application'
  /home/administrador/.passenger/standalone/3.0.0.pre3-x86_64-ruby1.8.7-linux-gcc4.3.3-1002/support/lib/phusion_passenger/abstract_server.rb:357:in `__send__'
  /home/administrador/.passenger/standalone/3.0.0.pre3-x86_64-ruby1.8.7-linux-gcc4.3.3-1002/support/lib/phusion_passenger/abstract_server.rb:357:in `server_main_loop'
  /home/administrador/.passenger/standalone/3.0.0.pre3-x86_64-ruby1.8.7-linux-gcc4.3.3-1002/support/lib/phusion_passenger/abstract_server.rb:206:in `start_synchronously'
  /home/administrador/.passenger/standalone/3.0.0.pre3-x86_64-ruby1.8.7-linux-gcc4.3.3-1002/support/helper-scripts/passenger-spawn-server:99

Rendered rescues/_trace (69.1ms)
Rendered rescues/_request_and_response (0.5ms)
Rendering rescues/layout (internal_server_error)


Processing ApplicationController#index (for 127.0.0.1 at 2010-11-04 00:47:53) [GET]

NameError (uninitialized constant WelcomeController):
  /home/administrador/.passenger/standalone/3.0.0.pre3-x86_64-ruby1.8.7-linux-gcc4.3.3-1002/support/lib/phusion_passenger/rack/request_handler.rb:96:in `process_request'
  /home/administrador/.passenger/standalone/3.0.0.pre3-x86_64-ruby1.8.7-linux-gcc4.3.3-1002/support/lib/phusion_passenger/abstract_request_handler.rb:513:in `accept_and_process_next_request'
  /home/administrador/.passenger/standalone/3.0.0.pre3-x86_64-ruby1.8.7-linux-gcc4.3.3-1002/support/lib/phusion_passenger/abstract_request_handler.rb:274:in `main_loop'
  /home/administrador/.passenger/standalone/3.0.0.pre3-x86_64-ruby1.8.7-linux-gcc4.3.3-1002/support/lib/phusion_passenger/classic_rails/application_spawner.rb:321:in `start_request_handler'
  /home/administrador/.passenger/standalone/3.0.0.pre3-x86_64-ruby1.8.7-linux-gcc4.3.3-1002/support/lib/phusion_passenger/classic_rails/application_spawner.rb:275:in `send'
  /home/administrador/.passenger/standalone/3.0.0.pre3-x86_64-ruby1.8.7-linux-gcc4.3.3-1002/support/lib/phusion_passenger/classic_rails/application_spawner.rb:275:in `handle_spawn_application'
  /home/administrador/.passenger/standalone/3.0.0.pre3-x86_64-ruby1.8.7-linux-gcc4.3.3-1002/support/lib/phusion_passenger/utils.rb:479:in `safe_fork'
  /home/administrador/.passenger/standalone/3.0.0.pre3-x86_64-ruby1.8.7-linux-gcc4.3.3-1002/support/lib/phusion_passenger/classic_rails/application_spawner.rb:270:in `handle_spawn_application'
  /home/administrador/.passenger/standalone/3.0.0.pre3-x86_64-ruby1.8.7-linux-gcc4.3.3-1002/support/lib/phusion_passenger/abstract_server.rb:357:in `__send__'
  /home/administrador/.passenger/standalone/3.0.0.pre3-x86_64-ruby1.8.7-linux-gcc4.3.3-1002/support/lib/phusion_passenger/abstract_server.rb:357:in `server_main_loop'
  /home/administrador/.passenger/standalone/3.0.0.pre3-x86_64-ruby1.8.7-linux-gcc4.3.3-1002/support/lib/phusion_passenger/abstract_server.rb:206:in `start_synchronously'
  /home/administrador/.passenger/standalone/3.0.0.pre3-x86_64-ruby1.8.7-linux-gcc4.3.3-1002/support/lib/phusion_passenger/abstract_server.rb:180:in `start'
  /home/administrador/.passenger/standalone/3.0.0.pre3-x86_64-ruby1.8.7-linux-gcc4.3.3-1002/support/lib/phusion_passenger/classic_rails/application_spawner.rb:149:in `start'
  /home/administrador/.passenger/standalone/3.0.0.pre3-x86_64-ruby1.8.7-linux-gcc4.3.3-1002/support/lib/phusion_passenger/spawn_manager.rb:219:in `spawn_rails_application'
  /home/administrador/.passenger/standalone/3.0.0.pre3-x86_64-ruby1.8.7-linux-gcc4.3.3-1002/support/lib/phusion_passenger/abstract_server_collection.rb:132:in `lookup_or_add'
  /home/administrador/.passenger/standalone/3.0.0.pre3-x86_64-ruby1.8.7-linux-gcc4.3.3-1002/support/lib/phusion_passenger/spawn_manager.rb:214:in `spawn_rails_application'
  /home/administrador/.passenger/standalone/3.0.0.pre3-x86_64-ruby1.8.7-linux-gcc4.3.3-1002/support/lib/phusion_passenger/abstract_server_collection.rb:82:in `synchronize'
  /home/administrador/.passenger/standalone/3.0.0.pre3-x86_64-ruby1.8.7-linux-gcc4.3.3-1002/support/lib/phusion_passenger/abstract_server_collection.rb:79:in `synchronize'
  /home/administrador/.passenger/standalone/3.0.0.pre3-x86_64-ruby1.8.7-linux-gcc4.3.3-1002/support/lib/phusion_passenger/spawn_manager.rb:213:in `spawn_rails_application'
  /home/administrador/.passenger/standalone/3.0.0.pre3-x86_64-ruby1.8.7-linux-gcc4.3.3-1002/support/lib/phusion_passenger/spawn_manager.rb:132:in `spawn_application'
  /home/administrador/.passenger/standalone/3.0.0.pre3-x86_64-ruby1.8.7-linux-gcc4.3.3-1002/support/lib/phusion_passenger/spawn_manager.rb:275:in `handle_spawn_application'
  /home/administrador/.passenger/standalone/3.0.0.pre3-x86_64-ruby1.8.7-linux-gcc4.3.3-1002/support/lib/phusion_passenger/abstract_server.rb:357:in `__send__'
  /home/administrador/.passenger/standalone/3.0.0.pre3-x86_64-ruby1.8.7-linux-gcc4.3.3-1002/support/lib/phusion_passenger/abstract_server.rb:357:in `server_main_loop'
  /home/administrador/.passenger/standalone/3.0.0.pre3-x86_64-ruby1.8.7-linux-gcc4.3.3-1002/support/lib/phusion_passenger/abstract_server.rb:206:in `start_synchronously'
  /home/administrador/.passenger/standalone/3.0.0.pre3-x86_64-ruby1.8.7-linux-gcc4.3.3-1002/support/helper-scripts/passenger-spawn-server:99

Rendered rescues/_trace (35.8ms)
Rendered rescues/_request_and_response (0.4ms)
Rendering rescues/layout (internal_server_error)


Processing ApplicationController#index (for 127.0.0.1 at 2010-11-04 00:47:53) [GET]

NameError (uninitialized constant WelcomeController):
  /home/administrador/.passenger/standalone/3.0.0.pre3-x86_64-ruby1.8.7-linux-gcc4.3.3-1002/support/lib/phusion_passenger/rack/request_handler.rb:96:in `process_request'
  /home/administrador/.passenger/standalone/3.0.0.pre3-x86_64-ruby1.8.7-linux-gcc4.3.3-1002/support/lib/phusion_passenger/abstract_request_handler.rb:513:in `accept_and_process_next_request'
  /home/administrador/.passenger/standalone/3.0.0.pre3-x86_64-ruby1.8.7-linux-gcc4.3.3-1002/support/lib/phusion_passenger/abstract_request_handler.rb:274:in `main_loop'
  /home/administrador/.passenger/standalone/3.0.0.pre3-x86_64-ruby1.8.7-linux-gcc4.3.3-1002/support/lib/phusion_passenger/classic_rails/application_spawner.rb:321:in `start_request_handler'
  /home/administrador/.passenger/standalone/3.0.0.pre3-x86_64-ruby1.8.7-linux-gcc4.3.3-1002/support/lib/phusion_passenger/classic_rails/application_spawner.rb:275:in `send'
  /home/administrador/.passenger/standalone/3.0.0.pre3-x86_64-ruby1.8.7-linux-gcc4.3.3-1002/support/lib/phusion_passenger/classic_rails/application_spawner.rb:275:in `handle_spawn_application'
  /home/administrador/.passenger/standalone/3.0.0.pre3-x86_64-ruby1.8.7-linux-gcc4.3.3-1002/support/lib/phusion_passenger/utils.rb:479:in `safe_fork'
  /home/administrador/.passenger/standalone/3.0.0.pre3-x86_64-ruby1.8.7-linux-gcc4.3.3-1002/support/lib/phusion_passenger/classic_rails/application_spawner.rb:270:in `handle_spawn_application'
  /home/administrador/.passenger/standalone/3.0.0.pre3-x86_64-ruby1.8.7-linux-gcc4.3.3-1002/support/lib/phusion_passenger/abstract_server.rb:357:in `__send__'
  /home/administrador/.passenger/standalone/3.0.0.pre3-x86_64-ruby1.8.7-linux-gcc4.3.3-1002/support/lib/phusion_passenger/abstract_server.rb:357:in `server_main_loop'
  /home/administrador/.passenger/standalone/3.0.0.pre3-x86_64-ruby1.8.7-linux-gcc4.3.3-1002/support/lib/phusion_passenger/abstract_server.rb:206:in `start_synchronously'
  /home/administrador/.passenger/standalone/3.0.0.pre3-x86_64-ruby1.8.7-linux-gcc4.3.3-1002/support/lib/phusion_passenger/abstract_server.rb:180:in `start'
  /home/administrador/.passenger/standalone/3.0.0.pre3-x86_64-ruby1.8.7-linux-gcc4.3.3-1002/support/lib/phusion_passenger/classic_rails/application_spawner.rb:149:in `start'
  /home/administrador/.passenger/standalone/3.0.0.pre3-x86_64-ruby1.8.7-linux-gcc4.3.3-1002/support/lib/phusion_passenger/spawn_manager.rb:219:in `spawn_rails_application'
  /home/administrador/.passenger/standalone/3.0.0.pre3-x86_64-ruby1.8.7-linux-gcc4.3.3-1002/support/lib/phusion_passenger/abstract_server_collection.rb:132:in `lookup_or_add'
  /home/administrador/.passenger/standalone/3.0.0.pre3-x86_64-ruby1.8.7-linux-gcc4.3.3-1002/support/lib/phusion_passenger/spawn_manager.rb:214:in `spawn_rails_application'
  /home/administrador/.passenger/standalone/3.0.0.pre3-x86_64-ruby1.8.7-linux-gcc4.3.3-1002/support/lib/phusion_passenger/abstract_server_collection.rb:82:in `synchronize'
  /home/administrador/.passenger/standalone/3.0.0.pre3-x86_64-ruby1.8.7-linux-gcc4.3.3-1002/support/lib/phusion_passenger/abstract_server_collection.rb:79:in `synchronize'
  /home/administrador/.passenger/standalone/3.0.0.pre3-x86_64-ruby1.8.7-linux-gcc4.3.3-1002/support/lib/phusion_passenger/spawn_manager.rb:213:in `spawn_rails_application'
  /home/administrador/.passenger/standalone/3.0.0.pre3-x86_64-ruby1.8.7-linux-gcc4.3.3-1002/support/lib/phusion_passenger/spawn_manager.rb:132:in `spawn_application'
  /home/administrador/.passenger/standalone/3.0.0.pre3-x86_64-ruby1.8.7-linux-gcc4.3.3-1002/support/lib/phusion_passenger/spawn_manager.rb:275:in `handle_spawn_application'
  /home/administrador/.passenger/standalone/3.0.0.pre3-x86_64-ruby1.8.7-linux-gcc4.3.3-1002/support/lib/phusion_passenger/abstract_server.rb:357:in `__send__'
  /home/administrador/.passenger/standalone/3.0.0.pre3-x86_64-ruby1.8.7-linux-gcc4.3.3-1002/support/lib/phusion_passenger/abstract_server.rb:357:in `server_main_loop'
  /home/administrador/.passenger/standalone/3.0.0.pre3-x86_64-ruby1.8.7-linux-gcc4.3.3-1002/support/lib/phusion_passenger/abstract_server.rb:206:in `start_synchronously'
  /home/administrador/.passenger/standalone/3.0.0.pre3-x86_64-ruby1.8.7-linux-gcc4.3.3-1002/support/helper-scripts/passenger-spawn-server:99

Rendered rescues/_trace (217.0ms)
Rendered rescues/_request_and_response (0.4ms)
Rendering rescues/layout (internal_server_error)


Processing ApplicationController#index (for 127.0.0.1 at 2010-11-04 00:47:54) [GET]

NameError (uninitialized constant WelcomeController):
  /home/administrador/.passenger/standalone/3.0.0.pre3-x86_64-ruby1.8.7-linux-gcc4.3.3-1002/support/lib/phusion_passenger/rack/request_handler.rb:96:in `process_request'
  /home/administrador/.passenger/standalone/3.0.0.pre3-x86_64-ruby1.8.7-linux-gcc4.3.3-1002/support/lib/phusion_passenger/abstract_request_handler.rb:513:in `accept_and_process_next_request'
  /home/administrador/.passenger/standalone/3.0.0.pre3-x86_64-ruby1.8.7-linux-gcc4.3.3-1002/support/lib/phusion_passenger/abstract_request_handler.rb:274:in `main_loop'
  /home/administrador/.passenger/standalone/3.0.0.pre3-x86_64-ruby1.8.7-linux-gcc4.3.3-1002/support/lib/phusion_passenger/classic_rails/application_spawner.rb:321:in `start_request_handler'
  /home/administrador/.passenger/standalone/3.0.0.pre3-x86_64-ruby1.8.7-linux-gcc4.3.3-1002/support/lib/phusion_passenger/classic_rails/application_spawner.rb:275:in `send'
  /home/administrador/.passenger/standalone/3.0.0.pre3-x86_64-ruby1.8.7-linux-gcc4.3.3-1002/support/lib/phusion_passenger/classic_rails/application_spawner.rb:275:in `handle_spawn_application'
  /home/administrador/.passenger/standalone/3.0.0.pre3-x86_64-ruby1.8.7-linux-gcc4.3.3-1002/support/lib/phusion_passenger/utils.rb:479:in `safe_fork'
  /home/administrador/.passenger/standalone/3.0.0.pre3-x86_64-ruby1.8.7-linux-gcc4.3.3-1002/support/lib/phusion_passenger/classic_rails/application_spawner.rb:270:in `handle_spawn_application'
  /home/administrador/.passenger/standalone/3.0.0.pre3-x86_64-ruby1.8.7-linux-gcc4.3.3-1002/support/lib/phusion_passenger/abstract_server.rb:357:in `__send__'
  /home/administrador/.passenger/standalone/3.0.0.pre3-x86_64-ruby1.8.7-linux-gcc4.3.3-1002/support/lib/phusion_passenger/abstract_server.rb:357:in `server_main_loop'
  /home/administrador/.passenger/standalone/3.0.0.pre3-x86_64-ruby1.8.7-linux-gcc4.3.3-1002/support/lib/phusion_passenger/abstract_server.rb:206:in `start_synchronously'
  /home/administrador/.passenger/standalone/3.0.0.pre3-x86_64-ruby1.8.7-linux-gcc4.3.3-1002/support/lib/phusion_passenger/abstract_server.rb:180:in `start'
  /home/administrador/.passenger/standalone/3.0.0.pre3-x86_64-ruby1.8.7-linux-gcc4.3.3-1002/support/lib/phusion_passenger/classic_rails/application_spawner.rb:149:in `start'
  /home/administrador/.passenger/standalone/3.0.0.pre3-x86_64-ruby1.8.7-linux-gcc4.3.3-1002/support/lib/phusion_passenger/spawn_manager.rb:219:in `spawn_rails_application'
  /home/administrador/.passenger/standalone/3.0.0.pre3-x86_64-ruby1.8.7-linux-gcc4.3.3-1002/support/lib/phusion_passenger/abstract_server_collection.rb:132:in `lookup_or_add'
  /home/administrador/.passenger/standalone/3.0.0.pre3-x86_64-ruby1.8.7-linux-gcc4.3.3-1002/support/lib/phusion_passenger/spawn_manager.rb:214:in `spawn_rails_application'
  /home/administrador/.passenger/standalone/3.0.0.pre3-x86_64-ruby1.8.7-linux-gcc4.3.3-1002/support/lib/phusion_passenger/abstract_server_collection.rb:82:in `synchronize'
  /home/administrador/.passenger/standalone/3.0.0.pre3-x86_64-ruby1.8.7-linux-gcc4.3.3-1002/support/lib/phusion_passenger/abstract_server_collection.rb:79:in `synchronize'
  /home/administrador/.passenger/standalone/3.0.0.pre3-x86_64-ruby1.8.7-linux-gcc4.3.3-1002/support/lib/phusion_passenger/spawn_manager.rb:213:in `spawn_rails_application'
  /home/administrador/.passenger/standalone/3.0.0.pre3-x86_64-ruby1.8.7-linux-gcc4.3.3-1002/support/lib/phusion_passenger/spawn_manager.rb:132:in `spawn_application'
  /home/administrador/.passenger/standalone/3.0.0.pre3-x86_64-ruby1.8.7-linux-gcc4.3.3-1002/support/lib/phusion_passenger/spawn_manager.rb:275:in `handle_spawn_application'
  /home/administrador/.passenger/standalone/3.0.0.pre3-x86_64-ruby1.8.7-linux-gcc4.3.3-1002/support/lib/phusion_passenger/abstract_server.rb:357:in `__send__'
  /home/administrador/.passenger/standalone/3.0.0.pre3-x86_64-ruby1.8.7-linux-gcc4.3.3-1002/support/lib/phusion_passenger/abstract_server.rb:357:in `server_main_loop'
  /home/administrador/.passenger/standalone/3.0.0.pre3-x86_64-ruby1.8.7-linux-gcc4.3.3-1002/support/lib/phusion_passenger/abstract_server.rb:206:in `start_synchronously'
  /home/administrador/.passenger/standalone/3.0.0.pre3-x86_64-ruby1.8.7-linux-gcc4.3.3-1002/support/helper-scripts/passenger-spawn-server:99

Rendered rescues/_trace (185.5ms)
Rendered rescues/_request_and_response (1.5ms)
Rendering rescues/layout (internal_server_error)


Processing ApplicationController#index (for 127.0.0.1 at 2010-11-04 00:48:47) [GET]

ActionController::RoutingError (No route matches "/WELCOMME" with {:method=>:get}):
  /home/administrador/.passenger/standalone/3.0.0.pre3-x86_64-ruby1.8.7-linux-gcc4.3.3-1002/support/lib/phusion_passenger/rack/request_handler.rb:96:in `process_request'
  /home/administrador/.passenger/standalone/3.0.0.pre3-x86_64-ruby1.8.7-linux-gcc4.3.3-1002/support/lib/phusion_passenger/abstract_request_handler.rb:513:in `accept_and_process_next_request'
  /home/administrador/.passenger/standalone/3.0.0.pre3-x86_64-ruby1.8.7-linux-gcc4.3.3-1002/support/lib/phusion_passenger/abstract_request_handler.rb:274:in `main_loop'
  /home/administrador/.passenger/standalone/3.0.0.pre3-x86_64-ruby1.8.7-linux-gcc4.3.3-1002/support/lib/phusion_passenger/classic_rails/application_spawner.rb:321:in `start_request_handler'
  /home/administrador/.passenger/standalone/3.0.0.pre3-x86_64-ruby1.8.7-linux-gcc4.3.3-1002/support/lib/phusion_passenger/classic_rails/application_spawner.rb:275:in `send'
  /home/administrador/.passenger/standalone/3.0.0.pre3-x86_64-ruby1.8.7-linux-gcc4.3.3-1002/support/lib/phusion_passenger/classic_rails/application_spawner.rb:275:in `handle_spawn_application'
  /home/administrador/.passenger/standalone/3.0.0.pre3-x86_64-ruby1.8.7-linux-gcc4.3.3-1002/support/lib/phusion_passenger/utils.rb:479:in `safe_fork'
  /home/administrador/.passenger/standalone/3.0.0.pre3-x86_64-ruby1.8.7-linux-gcc4.3.3-1002/support/lib/phusion_passenger/classic_rails/application_spawner.rb:270:in `handle_spawn_application'
  /home/administrador/.passenger/standalone/3.0.0.pre3-x86_64-ruby1.8.7-linux-gcc4.3.3-1002/support/lib/phusion_passenger/abstract_server.rb:357:in `__send__'
  /home/administrador/.passenger/standalone/3.0.0.pre3-x86_64-ruby1.8.7-linux-gcc4.3.3-1002/support/lib/phusion_passenger/abstract_server.rb:357:in `server_main_loop'
  /home/administrador/.passenger/standalone/3.0.0.pre3-x86_64-ruby1.8.7-linux-gcc4.3.3-1002/support/lib/phusion_passenger/abstract_server.rb:206:in `start_synchronously'
  /home/administrador/.passenger/standalone/3.0.0.pre3-x86_64-ruby1.8.7-linux-gcc4.3.3-1002/support/lib/phusion_passenger/abstract_server.rb:180:in `start'
  /home/administrador/.passenger/standalone/3.0.0.pre3-x86_64-ruby1.8.7-linux-gcc4.3.3-1002/support/lib/phusion_passenger/classic_rails/application_spawner.rb:149:in `start'
  /home/administrador/.passenger/standalone/3.0.0.pre3-x86_64-ruby1.8.7-linux-gcc4.3.3-1002/support/lib/phusion_passenger/spawn_manager.rb:219:in `spawn_rails_application'
  /home/administrador/.passenger/standalone/3.0.0.pre3-x86_64-ruby1.8.7-linux-gcc4.3.3-1002/support/lib/phusion_passenger/abstract_server_collection.rb:132:in `lookup_or_add'
  /home/administrador/.passenger/standalone/3.0.0.pre3-x86_64-ruby1.8.7-linux-gcc4.3.3-1002/support/lib/phusion_passenger/spawn_manager.rb:214:in `spawn_rails_application'
  /home/administrador/.passenger/standalone/3.0.0.pre3-x86_64-ruby1.8.7-linux-gcc4.3.3-1002/support/lib/phusion_passenger/abstract_server_collection.rb:82:in `synchronize'
  /home/administrador/.passenger/standalone/3.0.0.pre3-x86_64-ruby1.8.7-linux-gcc4.3.3-1002/support/lib/phusion_passenger/abstract_server_collection.rb:79:in `synchronize'
  /home/administrador/.passenger/standalone/3.0.0.pre3-x86_64-ruby1.8.7-linux-gcc4.3.3-1002/support/lib/phusion_passenger/spawn_manager.rb:213:in `spawn_rails_application'
  /home/administrador/.passenger/standalone/3.0.0.pre3-x86_64-ruby1.8.7-linux-gcc4.3.3-1002/support/lib/phusion_passenger/spawn_manager.rb:132:in `spawn_application'
  /home/administrador/.passenger/standalone/3.0.0.pre3-x86_64-ruby1.8.7-linux-gcc4.3.3-1002/support/lib/phusion_passenger/spawn_manager.rb:275:in `handle_spawn_application'
  /home/administrador/.passenger/standalone/3.0.0.pre3-x86_64-ruby1.8.7-linux-gcc4.3.3-1002/support/lib/phusion_passenger/abstract_server.rb:357:in `__send__'
  /home/administrador/.passenger/standalone/3.0.0.pre3-x86_64-ruby1.8.7-linux-gcc4.3.3-1002/support/lib/phusion_passenger/abstract_server.rb:357:in `server_main_loop'
  /home/administrador/.passenger/standalone/3.0.0.pre3-x86_64-ruby1.8.7-linux-gcc4.3.3-1002/support/lib/phusion_passenger/abstract_server.rb:206:in `start_synchronously'
  /home/administrador/.passenger/standalone/3.0.0.pre3-x86_64-ruby1.8.7-linux-gcc4.3.3-1002/support/helper-scripts/passenger-spawn-server:99

Rendering rescues/layout (not_found)


Processing WellcomeController#index (for 127.0.0.1 at 2010-11-04 00:48:53) [GET]
Rendering template within layouts/application
Rendering wellcome/index
Completed in 42ms (View: 37, DB: 0) | 200 OK [http://localhost/wellcome]
  [4;36;1mSQL (0.3ms)[0m   [0;1m SELECT name
 FROM sqlite_master
 WHERE type = 'table' AND NOT name = 'sqlite_sequence'
[0m
  [4;35;1mSQL (0.1ms)[0m   [0mselect sqlite_version(*)[0m
  [4;36;1mSQL (86.7ms)[0m   [0;1mCREATE TABLE "schema_migrations" ("version" varchar(255) NOT NULL) [0m
  [4;35;1mSQL (2.4ms)[0m   [0mCREATE UNIQUE INDEX "unique_schema_migrations" ON "schema_migrations" ("version")[0m
  [4;36;1mSQL (0.2ms)[0m   [0;1m SELECT name
 FROM sqlite_master
 WHERE type = 'table' AND NOT name = 'sqlite_sequence'
[0m
  [4;35;1mSQL (0.1ms)[0m   [0mSELECT version FROM schema_migrations[0m
  [4;36;1mSQL (0.5ms)[0m   [0;1m SELECT name
 FROM sqlite_master
 WHERE type = 'table' AND NOT name = 'sqlite_sequence'
[0m
  [4;35;1mSQL (0.1ms)[0m   [0mSELECT version FROM schema_migrations[0m
Migrating to CreateUsers (20101104025036)
  [4;36;1mSQL (0.1ms)[0m   [0;1mselect sqlite_version(*)[0m
  [4;35;1mSQL (14.5ms)[0m   [0mCREATE TABLE "users" ("id" INTEGER PRIMARY KEY AUTOINCREMENT NOT NULL, "username" varchar(255), "email" varchar(255), "password_hash" varchar(255), "password_salt" varchar(255), "created_at" datetime, "updated_at" datetime) [0m
  [4;36;1mSQL (0.3ms)[0m   [0;1mINSERT INTO schema_migrations (version) VALUES ('20101104025036')[0m
  [4;35;1mSQL (0.2ms)[0m   [0m SELECT name
 FROM sqlite_master
 WHERE type = 'table' AND NOT name = 'sqlite_sequence'
[0m
  [4;36;1mSQL (0.1ms)[0m   [0;1mSELECT version FROM schema_migrations[0m
  [4;35;1mSQL (0.1ms)[0m   [0m SELECT name
 FROM sqlite_master
 WHERE type = 'table' AND NOT name = 'sqlite_sequence'
[0m
  [4;36;1mSQL (0.1ms)[0m   [0;1mPRAGMA index_list("users")[0m
  [4;36;1mSQL (0.5ms)[0m   [0;1m SELECT name
 FROM sqlite_master
 WHERE type = 'table' AND NOT name = 'sqlite_sequence'
[0m
  [4;35;1mSQL (0.1ms)[0m   [0mSELECT version FROM schema_migrations[0m
  [4;36;1mSQL (0.1ms)[0m   [0;1mselect sqlite_version(*)[0m
  [4;35;1mSQL (0.2ms)[0m   [0m SELECT name
 FROM sqlite_master
 WHERE type = 'table' AND NOT name = 'sqlite_sequence'
[0m
  [4;36;1mSQL (36.9ms)[0m   [0;1mCREATE TABLE "users" ("id" INTEGER PRIMARY KEY AUTOINCREMENT NOT NULL, "username" varchar(255), "email" varchar(255), "password_hash" varchar(255), "password_salt" varchar(255), "created_at" datetime, "updated_at" datetime) [0m
  [4;35;1mSQL (0.3ms)[0m   [0m SELECT name
 FROM sqlite_master
 WHERE type = 'table' AND NOT name = 'sqlite_sequence'
[0m
  [4;36;1mSQL (1.8ms)[0m   [0;1mCREATE TABLE "schema_migrations" ("version" varchar(255) NOT NULL) [0m
  [4;35;1mSQL (2.2ms)[0m   [0mCREATE UNIQUE INDEX "unique_schema_migrations" ON "schema_migrations" ("version")[0m
  [4;36;1mSQL (0.2ms)[0m   [0;1m SELECT name
 FROM sqlite_master
 WHERE type = 'table' AND NOT name = 'sqlite_sequence'
[0m
  [4;35;1mSQL (0.1ms)[0m   [0mSELECT version FROM "schema_migrations"[0m
  [4;36;1mSQL (1.5ms)[0m   [0;1mINSERT INTO "schema_migrations" (version) VALUES ('20101104025036')[0m
  [4;36;1mSQL (0.5ms)[0m   [0;1m SELECT name
 FROM sqlite_master
 WHERE type = 'table' AND NOT name = 'sqlite_sequence'
[0m
  [4;35;1mSQL (0.1ms)[0m   [0mSELECT version FROM schema_migrations[0m
Migrating to CreateUsers (20101104025036)
  [4;36;1mSQL (0.2ms)[0m   [0;1mselect sqlite_version(*)[0m
  [4;35;1mSQL (0.2ms)[0m   [0m SELECT name
 FROM sqlite_master
 WHERE type = 'table' AND NOT name = 'sqlite_sequence'
[0m
  [4;36;1mSQL (0.1ms)[0m   [0;1mSELECT version FROM schema_migrations[0m
  [4;35;1mSQL (0.1ms)[0m   [0m SELECT name
 FROM sqlite_master
 WHERE type = 'table' AND NOT name = 'sqlite_sequence'
[0m
  [4;36;1mSQL (0.1ms)[0m   [0;1mPRAGMA index_list("users")[0m


Processing WellcomeController#index (for 127.0.0.1 at 2010-11-04 00:58:02) [GET]
  Parameters: {"action"=>"index", "controller"=>"wellcome"}
Rendering template within layouts/application
Rendering wellcome/index
Completed in 16ms (View: 13, DB: 0) | 200 OK [http://localhost/wellcome]


Processing ApplicationController#index (for 127.0.0.1 at 2010-11-04 00:58:05) [GET]
  Parameters: {"action"=>"index", "controller"=>"welcome"}

NameError (uninitialized constant WelcomeController):
  

Rendered rescues/_trace (116.1ms)
Rendered rescues/_request_and_response (1.4ms)
Rendering rescues/layout (internal_server_error)


Processing ApplicationController#index (for 127.0.0.1 at 2010-11-04 00:59:20) [GET]
  Parameters: {"action"=>"index", "controller"=>"welcome"}

NameError (uninitialized constant WelcomeController):
  

Rendered rescues/_trace (31.2ms)
Rendered rescues/_request_and_response (0.3ms)
Rendering rescues/layout (internal_server_error)


Processing ApplicationController#index (for 127.0.0.1 at 2010-11-04 00:59:21) [GET]
  Parameters: {"action"=>"index", "controller"=>"welcome"}

NameError (uninitialized constant WelcomeController):
  

Rendered rescues/_trace (57.9ms)
Rendered rescues/_request_and_response (0.6ms)
Rendering rescues/layout (internal_server_error)


Processing ApplicationController#index (for 127.0.0.1 at 2010-11-04 00:59:21) [GET]
  Parameters: {"action"=>"index", "controller"=>"welcome"}

NameError (uninitialized constant WelcomeController):
  

Rendered rescues/_trace (32.9ms)
Rendered rescues/_request_and_response (0.3ms)
Rendering rescues/layout (internal_server_error)


Processing ApplicationController#index (for 127.0.0.1 at 2010-11-04 00:59:21) [GET]
  Parameters: {"action"=>"index", "controller"=>"welcome"}

NameError (uninitialized constant WelcomeController):
  

Rendered rescues/_trace (33.8ms)
Rendered rescues/_request_and_response (0.4ms)
Rendering rescues/layout (internal_server_error)


Processing ApplicationController#index (for 127.0.0.1 at 2010-11-04 00:59:22) [GET]
  Parameters: {"action"=>"index", "controller"=>"welcome"}

NameError (uninitialized constant WelcomeController):
  

Rendered rescues/_trace (58.3ms)
Rendered rescues/_request_and_response (0.6ms)
Rendering rescues/layout (internal_server_error)


Processing ApplicationController#index (for 127.0.0.1 at 2010-11-04 00:59:22) [GET]
  Parameters: {"action"=>"index", "controller"=>"welcome"}

NameError (uninitialized constant WelcomeController):
  

Rendered rescues/_trace (32.6ms)
Rendered rescues/_request_and_response (0.3ms)
Rendering rescues/layout (internal_server_error)


Processing WelcomeController#index (for 127.0.0.1 at 2010-11-04 01:00:27) [GET]
  Parameters: {"action"=>"index", "controller"=>"welcome"}
Rendering template within layouts/application
Rendering welcome/index
Completed in 11ms (View: 8, DB: 0) | 200 OK [http://localhost/]


Processing WelcomeController#index (for 127.0.0.1 at 2010-11-04 01:00:28) [GET]
  Parameters: {"action"=>"index", "controller"=>"welcome"}
Rendering template within layouts/application
Rendering welcome/index
Completed in 7ms (View: 3, DB: 0) | 200 OK [http://localhost/]


Processing WelcomeController#index (for 127.0.0.1 at 2010-11-04 01:00:28) [GET]
  Parameters: {"action"=>"index", "controller"=>"welcome"}
Rendering template within layouts/application
Rendering welcome/index
Completed in 7ms (View: 2, DB: 0) | 200 OK [http://localhost/]


Processing WelcomeController#index (for 127.0.0.1 at 2010-11-04 01:00:29) [GET]
  Parameters: {"action"=>"index", "controller"=>"welcome"}
Rendering template within layouts/application
Rendering welcome/index
Completed in 4ms (View: 1, DB: 0) | 200 OK [http://localhost/]


Processing WelcomeController#index (for 127.0.0.1 at 2010-11-04 01:00:29) [GET]
  Parameters: {"action"=>"index", "controller"=>"welcome"}
Rendering template within layouts/application
Rendering welcome/index
Completed in 5ms (View: 2, DB: 0) | 200 OK [http://localhost/]


Processing WelcomeController#index (for 127.0.0.1 at 2010-11-04 01:00:29) [GET]
  Parameters: {"action"=>"index", "controller"=>"welcome"}
Rendering template within layouts/application
Rendering welcome/index
Completed in 5ms (View: 2, DB: 0) | 200 OK [http://localhost/]


Processing WelcomeController#index (for 127.0.0.1 at 2010-11-04 01:00:29) [GET]
  Parameters: {"action"=>"index", "controller"=>"welcome"}
Rendering template within layouts/application
Rendering welcome/index
Completed in 7ms (View: 3, DB: 0) | 200 OK [http://localhost/]


Processing WelcomeController#index (for 127.0.0.1 at 2010-11-04 01:00:29) [GET]
  Parameters: {"action"=>"index", "controller"=>"welcome"}
Rendering template within layouts/application
Rendering welcome/index
Completed in 8ms (View: 3, DB: 0) | 200 OK [http://localhost/]


Processing UsersController#new (for 127.0.0.1 at 2010-11-04 01:00:59) [GET]
  Parameters: {"action"=>"new", "controller"=>"users"}
Rendering template within layouts/application
Rendering users/new
Completed in 126ms (View: 113, DB: 0) | 200 OK [http://localhost/signup]


Processing SessionsController#new (for 127.0.0.1 at 2010-11-04 01:01:05) [GET]
  Parameters: {"action"=>"new", "controller"=>"sessions"}
Rendering template within layouts/application
Rendering sessions/new
Completed in 25ms (View: 20, DB: 0) | 200 OK [http://localhost/login]


Processing UsersController#new (for 127.0.0.1 at 2010-11-04 01:01:06) [GET]
  Parameters: {"action"=>"new", "controller"=>"users"}
Rendering template within layouts/application
Rendering users/new
Completed in 29ms (View: 15, DB: 0) | 200 OK [http://localhost/signup]


Processing SessionsController#new (for 127.0.0.1 at 2010-11-04 01:01:07) [GET]
  Parameters: {"action"=>"new", "controller"=>"sessions"}
Rendering template within layouts/application
Rendering sessions/new
Completed in 12ms (View: 7, DB: 0) | 200 OK [http://localhost/login]


Processing UsersController#new (for 127.0.0.1 at 2010-11-04 01:01:08) [GET]
  Parameters: {"action"=>"new", "controller"=>"users"}
Rendering template within layouts/application
Rendering users/new
Completed in 14ms (View: 7, DB: 0) | 200 OK [http://localhost/signup]


Processing SessionsController#new (for 127.0.0.1 at 2010-11-04 01:01:09) [GET]
  Parameters: {"action"=>"new", "controller"=>"sessions"}
Rendering template within layouts/application
Rendering sessions/new
Completed in 12ms (View: 7, DB: 0) | 200 OK [http://localhost/login]


Processing UsersController#new (for 127.0.0.1 at 2010-11-04 01:01:10) [GET]
  Parameters: {"action"=>"new", "controller"=>"users"}
Rendering template within layouts/application
Rendering users/new
Completed in 17ms (View: 8, DB: 0) | 200 OK [http://localhost/signup]


Processing UsersController#create (for 127.0.0.1 at 2010-11-04 01:01:19) [POST]
  Parameters: {"commit"=>"Sign up", "action"=>"create", "authenticity_token"=>"Amvz7WQA20npvDQIvv+yztw/gangJY3++N+BWNKQvoA=", "controller"=>"users", "user"=>{"password_confirmation"=>"[FILTERED]", "username"=>"marlonglopes", "password"=>"[FILTERED]", "email"=>"marlonglopes@gmail.com"}}
  [4;36;1mUser Load (0.3ms)[0m   [0;1mSELECT "users".id FROM "users" WHERE ("users"."username" = 'marlonglopes') LIMIT 1[0m
  [4;35;1mUser Load (0.1ms)[0m   [0mSELECT "users".id FROM "users" WHERE ("users"."email" = 'marlonglopes@gmail.com') LIMIT 1[0m
  [4;36;1mUser Create (0.7ms)[0m   [0;1mINSERT INTO "users" ("created_at", "updated_at", "username", "password_salt", "password_hash", "email") VALUES('2010-11-04 03:01:19', '2010-11-04 03:01:19', 'marlonglopes', 'bd4e23b0d5c3efd2d51aaea16fc38d4ee602eefe', 'd4b40131b8702dc7411397e30af1ec36f07e9a64', 'marlonglopes@gmail.com')[0m
Redirected to http://localhost:3000/
Completed in 48ms (DB: 1) | 302 Found [http://localhost/users]


Processing WelcomeController#index (for 127.0.0.1 at 2010-11-04 01:01:19) [GET]
  Parameters: {"action"=>"index", "controller"=>"welcome"}
Rendering template within layouts/application
Rendering welcome/index
Completed in 8ms (View: 3, DB: 0) | 200 OK [http://localhost/]


Processing WelcomeController#index (for 127.0.0.1 at 2010-11-04 01:03:02) [GET]
  Parameters: {"action"=>"index", "controller"=>"welcome"}
Rendering template within layouts/application
Rendering welcome/index
Completed in 8ms (View: 3, DB: 0) | 200 OK [http://localhost/]


Processing WelcomeController#index (for 127.0.0.1 at 2010-11-04 01:03:02) [GET]
  Parameters: {"action"=>"index", "controller"=>"welcome"}
Rendering template within layouts/application
Rendering welcome/index
Completed in 7ms (View: 2, DB: 0) | 200 OK [http://localhost/]
  [4;36;1mSQL (1.2ms)[0m   [0;1m SELECT name
 FROM sqlite_master
 WHERE type = 'table' AND NOT name = 'sqlite_sequence'
[0m
  [4;35;1mSQL (0.3ms)[0m   [0mSELECT version FROM schema_migrations[0m
Migrating to CreateUsers (20101104025036)
Migrating to CreateFlits (20101104111554)
  [4;36;1mSQL (0.2ms)[0m   [0;1mselect sqlite_version(*)[0m
  [4;35;1mSQL (1.0ms)[0m   [0mCREATE TABLE "flits" ("id" INTEGER PRIMARY KEY AUTOINCREMENT NOT NULL, "user_id" integer NOT NULL, "message" varchar(255) NOT NULL, "created_at" datetime NOT NULL) [0m
  [4;36;1mSQL (0.2ms)[0m   [0;1mINSERT INTO schema_migrations (version) VALUES ('20101104111554')[0m
  [4;35;1mSQL (0.4ms)[0m   [0m SELECT name
 FROM sqlite_master
 WHERE type = 'table' AND NOT name = 'sqlite_sequence'
[0m
  [4;36;1mSQL (0.2ms)[0m   [0;1mSELECT version FROM schema_migrations[0m
  [4;35;1mSQL (0.3ms)[0m   [0m SELECT name
 FROM sqlite_master
 WHERE type = 'table' AND NOT name = 'sqlite_sequence'
[0m
  [4;36;1mSQL (0.1ms)[0m   [0;1mPRAGMA index_list("flits")[0m
  [4;35;1mSQL (0.1ms)[0m   [0mPRAGMA index_list("users")[0m
  [4;36;1mUser Load (0.2ms)[0m   [0;1mSELECT "users".id FROM "users" WHERE ("users"."username" = 'carolanne') LIMIT 1[0m
  [4;35;1mUser Load (0.1ms)[0m   [0mSELECT "users".id FROM "users" WHERE ("users"."email" = 'jordy.walker@goodwin.uk') LIMIT 1[0m
  [4;36;1mUser Create (0.4ms)[0m   [0;1mINSERT INTO "users" ("created_at", "updated_at", "username", "password_salt", "password_hash", "email") VALUES('2010-11-04 12:09:44', '2010-11-04 12:09:44', 'carolanne', '3e86a50f825125e0193a92cf20d5fb8936337073', 'd3c769e7021121c339c2ba037a9cafda9c1795dc', 'jordy.walker@goodwin.uk')[0m
  [4;35;1mUser Load (0.2ms)[0m   [0mSELECT "users".id FROM "users" WHERE ("users"."username" = 'willow_yost') LIMIT 1[0m
  [4;36;1mUser Load (0.1ms)[0m   [0;1mSELECT "users".id FROM "users" WHERE ("users"."email" = 'amya.jerde@parkermorar.ca') LIMIT 1[0m
  [4;35;1mUser Create (0.3ms)[0m   [0mINSERT INTO "users" ("created_at", "updated_at", "username", "password_salt", "password_hash", "email") VALUES('2010-11-04 12:09:44', '2010-11-04 12:09:44', 'willow_yost', 'aa2c5d0b45f92dea881a3ff498a0bb6478f1b6bd', 'c841216d0f35171e22c30b3d41dd1b7e24a6744a', 'amya.jerde@parkermorar.ca')[0m
  [4;36;1mUser Load (0.2ms)[0m   [0;1mSELECT "users".id FROM "users" WHERE ("users"."username" = 'annabel') LIMIT 1[0m
  [4;35;1mUser Load (0.1ms)[0m   [0mSELECT "users".id FROM "users" WHERE ("users"."email" = 'carmel_hagenes@lindupton.uk') LIMIT 1[0m
  [4;36;1mUser Create (0.2ms)[0m   [0;1mINSERT INTO "users" ("created_at", "updated_at", "username", "password_salt", "password_hash", "email") VALUES('2010-11-04 12:09:44', '2010-11-04 12:09:44', 'annabel', '8d8c93dba1e03c28bcf71b8c89be608d48682a8c', '4d5e85272264453e3a5f2cbe47a9f01451d56fd6', 'carmel_hagenes@lindupton.uk')[0m
  [4;35;1mUser Load (0.2ms)[0m   [0mSELECT "users".id FROM "users" WHERE ("users"."username" = 'gordon') LIMIT 1[0m
  [4;36;1mUser Load (0.1ms)[0m   [0;1mSELECT "users".id FROM "users" WHERE ("users"."email" = 'alford.carroll@dickinson.ca') LIMIT 1[0m
  [4;35;1mUser Create (0.2ms)[0m   [0mINSERT INTO "users" ("created_at", "updated_at", "username", "password_salt", "password_hash", "email") VALUES('2010-11-04 12:09:44', '2010-11-04 12:09:44', 'gordon', '10a09c0d705e9eb5041c8bfda29999266583ce1f', '4fa2f2ab5cdce90f8b894800b7456ef17e38f8a1', 'alford.carroll@dickinson.ca')[0m
  [4;36;1mUser Load (0.2ms)[0m   [0;1mSELECT "users".id FROM "users" WHERE ("users"."username" = 'shaun_tremblay') LIMIT 1[0m
  [4;35;1mUser Load (0.1ms)[0m   [0mSELECT "users".id FROM "users" WHERE ("users"."email" = 'cristopher_hammes@green.com') LIMIT 1[0m
  [4;36;1mUser Create (0.4ms)[0m   [0;1mINSERT INTO "users" ("created_at", "updated_at", "username", "password_salt", "password_hash", "email") VALUES('2010-11-04 12:09:44', '2010-11-04 12:09:44', 'shaun_tremblay', 'b3b22c4c06329ae9005439a9d423876962c4e531', 'e78c62bc6fd21d2a390346c25800e9d6058f3b2c', 'cristopher_hammes@green.com')[0m
  [4;35;1mUser Load (0.2ms)[0m   [0mSELECT "users".id FROM "users" WHERE ("users"."username" = 'ova') LIMIT 1[0m
  [4;36;1mUser Load (0.1ms)[0m   [0;1mSELECT "users".id FROM "users" WHERE ("users"."email" = 'allie.mante@bergnaum.name') LIMIT 1[0m
  [4;35;1mUser Create (0.4ms)[0m   [0mINSERT INTO "users" ("created_at", "updated_at", "username", "password_salt", "password_hash", "email") VALUES('2010-11-04 12:09:44', '2010-11-04 12:09:44', 'ova', '5f26faba4a52b981fb741fc38b9c91111892832b', '36f36d6a0dee3626bde83c411ce2bef42aba920b', 'allie.mante@bergnaum.name')[0m
  [4;36;1mUser Load (0.2ms)[0m   [0;1mSELECT "users".id FROM "users" WHERE ("users"."username" = 'kali_schowalter') LIMIT 1[0m
  [4;35;1mUser Load (0.2ms)[0m   [0mSELECT "users".id FROM "users" WHERE ("users"."email" = 'verda_hickle@aufderhar.uk') LIMIT 1[0m
  [4;36;1mUser Create (0.4ms)[0m   [0;1mINSERT INTO "users" ("created_at", "updated_at", "username", "password_salt", "password_hash", "email") VALUES('2010-11-04 12:09:44', '2010-11-04 12:09:44', 'kali_schowalter', 'e6ae2fc7df827e1fb578717e2f263fce569271db', 'cfb12cdae2f2e05a605ade89513466eb4e7ea6bb', 'verda_hickle@aufderhar.uk')[0m
  [4;35;1mUser Load (0.3ms)[0m   [0mSELECT "users".id FROM "users" WHERE ("users"."username" = 'gus') LIMIT 1[0m
  [4;36;1mUser Load (0.2ms)[0m   [0;1mSELECT "users".id FROM "users" WHERE ("users"."email" = 'misael@mclaughlindeckow.info') LIMIT 1[0m
  [4;35;1mUser Create (0.4ms)[0m   [0mINSERT INTO "users" ("created_at", "updated_at", "username", "password_salt", "password_hash", "email") VALUES('2010-11-04 12:09:44', '2010-11-04 12:09:44', 'gus', 'b741b7fb698b124403e212a45380fb3f188ee790', 'cf42aedcb6eaf0ec8e34a009b35da44c9561edf3', 'misael@mclaughlindeckow.info')[0m
  [4;36;1mUser Load (0.3ms)[0m   [0;1mSELECT "users".id FROM "users" WHERE ("users"."username" = 'lizeth') LIMIT 1[0m
  [4;35;1mUser Load (0.2ms)[0m   [0mSELECT "users".id FROM "users" WHERE ("users"."email" = 'dax.lowe@blickmohr.us') LIMIT 1[0m
  [4;36;1mUser Create (0.4ms)[0m   [0;1mINSERT INTO "users" ("created_at", "updated_at", "username", "password_salt", "password_hash", "email") VALUES('2010-11-04 12:09:44', '2010-11-04 12:09:44', 'lizeth', '0fe73c2580e933942cf1b24ff1f6c5a2a17275b0', 'b431459c27c7502168b61031862ac9f4d95743d1', 'dax.lowe@blickmohr.us')[0m
  [4;35;1mUser Load (0.2ms)[0m   [0mSELECT "users".id FROM "users" WHERE ("users"."username" = 'audie') LIMIT 1[0m
  [4;36;1mUser Load (0.2ms)[0m   [0;1mSELECT "users".id FROM "users" WHERE ("users"."email" = 'ansel_upton@schinner.ca') LIMIT 1[0m
  [4;35;1mUser Create (0.4ms)[0m   [0mINSERT INTO "users" ("created_at", "updated_at", "username", "password_salt", "password_hash", "email") VALUES('2010-11-04 12:09:44', '2010-11-04 12:09:44', 'audie', 'f08c6c77b44c4990e861d47fe268f79cf08472db', '26b5cb494b740b7c4cb28d21a54c20320d520e2d', 'ansel_upton@schinner.ca')[0m
  [4;36;1mUser Load (1.2ms)[0m   [0;1mSELECT * FROM "users" [0m
  [4;35;1mSQL (0.4ms)[0m   [0m SELECT name
 FROM sqlite_master
 WHERE type = 'table' AND NOT name = 'sqlite_sequence'
[0m
  [4;36;1mUser Load (0.2ms)[0m   [0;1mSELECT "users".id FROM "users" WHERE ("users"."username" = 'anahi') LIMIT 1[0m
  [4;35;1mUser Load (0.1ms)[0m   [0mSELECT "users".id FROM "users" WHERE ("users"."email" = 'leopoldo.schultz@leannon.us') LIMIT 1[0m
  [4;36;1mUser Create (0.4ms)[0m   [0;1mINSERT INTO "users" ("created_at", "updated_at", "username", "password_salt", "password_hash", "email") VALUES('2010-11-04 12:11:28', '2010-11-04 12:11:28', 'anahi', '74d0f4236a765c44860ad16b02d06752910f943d', '59a9f40646c0accec5aca8dc74b6fcd67914d361', 'leopoldo.schultz@leannon.us')[0m
  [4;35;1mUser Load (0.2ms)[0m   [0mSELECT "users".id FROM "users" WHERE ("users"."username" = 'damon') LIMIT 1[0m
  [4;36;1mUser Load (0.1ms)[0m   [0;1mSELECT "users".id FROM "users" WHERE ("users"."email" = 'marlee@schambergerturner.uk') LIMIT 1[0m
  [4;35;1mUser Create (0.3ms)[0m   [0mINSERT INTO "users" ("created_at", "updated_at", "username", "password_salt", "password_hash", "email") VALUES('2010-11-04 12:11:28', '2010-11-04 12:11:28', 'damon', '7bf94dcd984b055b91fe2d0bef14ad60caef6886', 'c3b15fe2d6d446c5f1cf41a7804d3aa03575984f', 'marlee@schambergerturner.uk')[0m
  [4;36;1mUser Load (0.2ms)[0m   [0;1mSELECT "users".id FROM "users" WHERE ("users"."username" = 'alex_strosin') LIMIT 1[0m
  [4;35;1mUser Load (0.1ms)[0m   [0mSELECT "users".id FROM "users" WHERE ("users"."email" = 'katrine_schiller@romaguera.uk') LIMIT 1[0m
  [4;36;1mUser Create (0.2ms)[0m   [0;1mINSERT INTO "users" ("created_at", "updated_at", "username", "password_salt", "password_hash", "email") VALUES('2010-11-04 12:11:28', '2010-11-04 12:11:28', 'alex_strosin', '5abf2ffd2d21990d8bdb85d612a29dd727c8db03', '1e4aa36eef9f0784ce8b2e2e2cca0ad2f0ae0549', 'katrine_schiller@romaguera.uk')[0m
  [4;35;1mUser Load (0.2ms)[0m   [0mSELECT "users".id FROM "users" WHERE ("users"."username" = 'jacey.mcglynn') LIMIT 1[0m
  [4;36;1mUser Load (0.1ms)[0m   [0;1mSELECT "users".id FROM "users" WHERE ("users"."email" = 'evelyn.funk@hauckthompson.uk') LIMIT 1[0m
  [4;35;1mUser Create (0.3ms)[0m   [0mINSERT INTO "users" ("created_at", "updated_at", "username", "password_salt", "password_hash", "email") VALUES('2010-11-04 12:11:28', '2010-11-04 12:11:28', 'jacey.mcglynn', '2fae01e2d82d40824e7598adb4c4649e353d193e', 'f315ae64577a287bd2edffe33a7649621d4ef77d', 'evelyn.funk@hauckthompson.uk')[0m
  [4;36;1mUser Load (0.2ms)[0m   [0;1mSELECT "users".id FROM "users" WHERE ("users"."username" = 'trycia') LIMIT 1[0m
  [4;35;1mUser Load (0.1ms)[0m   [0mSELECT "users".id FROM "users" WHERE ("users"."email" = 'mellie_prohaska@jast.us') LIMIT 1[0m
  [4;36;1mUser Create (0.3ms)[0m   [0;1mINSERT INTO "users" ("created_at", "updated_at", "username", "password_salt", "password_hash", "email") VALUES('2010-11-04 12:11:28', '2010-11-04 12:11:28', 'trycia', '88fcf6dcd9d8099c641e36c33d64255f94b84e14', 'af2b9975ec279c91c931424467535f8c6c2d7f4a', 'mellie_prohaska@jast.us')[0m
  [4;35;1mUser Load (0.2ms)[0m   [0mSELECT "users".id FROM "users" WHERE ("users"."username" = 'riley') LIMIT 1[0m
  [4;36;1mUser Load (0.1ms)[0m   [0;1mSELECT "users".id FROM "users" WHERE ("users"."email" = 'ari@willms.info') LIMIT 1[0m
  [4;35;1mUser Create (0.3ms)[0m   [0mINSERT INTO "users" ("created_at", "updated_at", "username", "password_salt", "password_hash", "email") VALUES('2010-11-04 12:11:28', '2010-11-04 12:11:28', 'riley', '35b393b0e1029f7003ac4b787dd190c51eaaa0ba', '74a4b824b5a737cf970204295ac939d7c2add829', 'ari@willms.info')[0m
  [4;36;1mUser Load (0.2ms)[0m   [0;1mSELECT "users".id FROM "users" WHERE ("users"."username" = 'esmeralda') LIMIT 1[0m
  [4;35;1mUser Load (0.1ms)[0m   [0mSELECT "users".id FROM "users" WHERE ("users"."email" = 'marvin@farrell.uk') LIMIT 1[0m
  [4;36;1mUser Create (0.3ms)[0m   [0;1mINSERT INTO "users" ("created_at", "updated_at", "username", "password_salt", "password_hash", "email") VALUES('2010-11-04 12:11:28', '2010-11-04 12:11:28', 'esmeralda', '73d1010af2e514ec8a42488f6105c35738f82370', '4e252148f43f5aef7c627fedb81c1ec472b80dfe', 'marvin@farrell.uk')[0m
  [4;35;1mUser Load (0.2ms)[0m   [0mSELECT "users".id FROM "users" WHERE ("users"."username" = 'bernice.oconner') LIMIT 1[0m
  [4;36;1mUser Load (0.1ms)[0m   [0;1mSELECT "users".id FROM "users" WHERE ("users"."email" = 'lacy_shields@jast.uk') LIMIT 1[0m
  [4;35;1mUser Create (0.3ms)[0m   [0mINSERT INTO "users" ("created_at", "updated_at", "username", "password_salt", "password_hash", "email") VALUES('2010-11-04 12:11:28', '2010-11-04 12:11:28', 'bernice.oconner', 'b21477cbf22dc9aac518ea457adedc119dec4e92', 'bb33b44b2a7f985d2f327d81709ee1ca2d1101f0', 'lacy_shields@jast.uk')[0m
  [4;36;1mUser Load (0.2ms)[0m   [0;1mSELECT "users".id FROM "users" WHERE ("users"."username" = 'raven') LIMIT 1[0m
  [4;35;1mUser Load (0.1ms)[0m   [0mSELECT "users".id FROM "users" WHERE ("users"."email" = 'lorna.waelchi@shanahan.name') LIMIT 1[0m
  [4;36;1mUser Create (0.2ms)[0m   [0;1mINSERT INTO "users" ("created_at", "updated_at", "username", "password_salt", "password_hash", "email") VALUES('2010-11-04 12:11:28', '2010-11-04 12:11:28', 'raven', 'b6a7f314626a81565e9a58e34a6f964767c13e6d', '6bcb2deada3c9a5c562480e34e7cf14100b046be', 'lorna.waelchi@shanahan.name')[0m
  [4;35;1mUser Load (0.2ms)[0m   [0mSELECT "users".id FROM "users" WHERE ("users"."username" = 'melvina') LIMIT 1[0m
  [4;36;1mUser Load (0.1ms)[0m   [0;1mSELECT "users".id FROM "users" WHERE ("users"."email" = 'ivah@altenwerth.ca') LIMIT 1[0m
  [4;35;1mUser Create (0.3ms)[0m   [0mINSERT INTO "users" ("created_at", "updated_at", "username", "password_salt", "password_hash", "email") VALUES('2010-11-04 12:11:28', '2010-11-04 12:11:28', 'melvina', '0e1529892783ccf292499c971110e78125abbaa4', '5884e00ec13cb6ff38eed42edf205bf2a3e07ea3', 'ivah@altenwerth.ca')[0m
  [4;36;1mUser Load (1.1ms)[0m   [0;1mSELECT * FROM "users" [0m
  [4;35;1mFlit Last ID (0.2ms)[0m   [0mSELECT id FROM "flits" ORDER BY id DESC[0m
  [4;36;1mFlit Populate (3.0ms)[0m   [0;1mINSERT INTO "flits" ("id", "user_id", "message", "created_at") VALUES (1, 1, 'Iure sed quaerat fugit asperiores quos.', '2010-11-04 10:11:28');INSERT INTO "flits" ("id", "user_id", "message", "created_at") VALUES (2, 1, 'Ut velit est impedit ducimus aut cupiditate pariatur explicabo.', '2010-11-04 10:11:28');INSERT INTO "flits" ("id", "user_id", "message", "created_at") VALUES (3, 1, 'Expedita maiores maxime quis nihil facere voluptatem rerum.', '2010-11-04 10:11:28');INSERT INTO "flits" ("id", "user_id", "message", "created_at") VALUES (4, 1, 'Et in ea itaque.', '2010-11-04 10:11:28');INSERT INTO "flits" ("id", "user_id", "message", "created_at") VALUES (5, 1, 'Velit et sint in facilis.', '2010-11-04 10:11:28');INSERT INTO "flits" ("id", "user_id", "message", "created_at") VALUES (6, 1, 'Recusandae quia soluta maiores est voluptas ut dolores provident.', '2010-11-04 10:11:28');INSERT INTO "flits" ("id", "user_id", "message", "created_at") VALUES (7, 1, 'Rerum non molestias eum voluptatum tenetur.', '2010-11-04 10:11:28');INSERT INTO "flits" ("id", "user_id", "message", "created_at") VALUES (8, 1, 'Dolores et aperiam ut non earum recusandae quaerat et.', '2010-11-04 10:11:28');INSERT INTO "flits" ("id", "user_id", "message", "created_at") VALUES (9, 1, 'Voluptates qui et magnam ex libero.', '2010-11-04 10:11:28')[0m
  [4;35;1mFlit Last ID (0.3ms)[0m   [0mSELECT id FROM "flits" ORDER BY id DESC[0m
  [4;36;1mFlit Populate (3.1ms)[0m   [0;1mINSERT INTO "flits" ("id", "user_id", "message", "created_at") VALUES (10, 2, 'Repellendus est dolores cupiditate dignissimos tempora aliquam.', '2010-11-04 10:11:28');INSERT INTO "flits" ("id", "user_id", "message", "created_at") VALUES (11, 2, 'Eligendi et quis necessitatibus deleniti autem temporibus nam et.', '2010-11-04 10:11:28');INSERT INTO "flits" ("id", "user_id", "message", "created_at") VALUES (12, 2, 'Eos sit repellendus modi corrupti quis sed odit et.', '2010-11-04 10:11:28');INSERT INTO "flits" ("id", "user_id", "message", "created_at") VALUES (13, 2, 'Veritatis eligendi eos ea exercitationem praesentium id nihil.', '2010-11-04 10:11:28');INSERT INTO "flits" ("id", "user_id", "message", "created_at") VALUES (14, 2, 'Et sit nihil soluta quasi aut vitae.', '2010-11-04 10:11:28');INSERT INTO "flits" ("id", "user_id", "message", "created_at") VALUES (15, 2, 'Suscipit animi autem aspernatur aut laboriosam tenetur.', '2010-11-04 10:11:28');INSERT INTO "flits" ("id", "user_id", "message", "created_at") VALUES (16, 2, 'Adipisci consequatur enim voluptas vel.', '2010-11-04 10:11:28');INSERT INTO "flits" ("id", "user_id", "message", "created_at") VALUES (17, 2, 'Est omnis ipsa sit ea illum perspiciatis.', '2010-11-04 10:11:28');INSERT INTO "flits" ("id", "user_id", "message", "created_at") VALUES (18, 2, 'Vel expedita omnis sunt placeat vitae et consequatur ut.', '2010-11-04 10:11:28')[0m
  [4;35;1mFlit Last ID (0.5ms)[0m   [0mSELECT id FROM "flits" ORDER BY id DESC[0m
  [4;36;1mFlit Populate (2.6ms)[0m   [0;1mINSERT INTO "flits" ("id", "user_id", "message", "created_at") VALUES (19, 3, 'Voluptas ducimus voluptas quidem distinctio molestias at eum.', '2010-11-04 10:11:28');INSERT INTO "flits" ("id", "user_id", "message", "created_at") VALUES (20, 3, 'A facere rerum nihil eius modi omnis voluptas sit.', '2010-11-04 10:11:28');INSERT INTO "flits" ("id", "user_id", "message", "created_at") VALUES (21, 3, 'Ratione dignissimos at omnis odio qui sint quasi maxime.', '2010-11-04 10:11:28');INSERT INTO "flits" ("id", "user_id", "message", "created_at") VALUES (22, 3, 'Commodi sequi harum illo rerum ut maxime facere incidunt.', '2010-11-04 10:11:28');INSERT INTO "flits" ("id", "user_id", "message", "created_at") VALUES (23, 3, 'Odit doloribus nihil tempore dignissimos excepturi sed vel ipsum.', '2010-11-04 10:11:28');INSERT INTO "flits" ("id", "user_id", "message", "created_at") VALUES (24, 3, 'Eos nostrum aut non.', '2010-11-04 10:11:28')[0m
  [4;35;1mFlit Last ID (0.6ms)[0m   [0mSELECT id FROM "flits" ORDER BY id DESC[0m
  [4;36;1mFlit Populate (3.1ms)[0m   [0;1mINSERT INTO "flits" ("id", "user_id", "message", "created_at") VALUES (25, 4, 'Sunt occaecati eum autem provident sed quis error nihil.', '2010-11-04 10:11:28');INSERT INTO "flits" ("id", "user_id", "message", "created_at") VALUES (26, 4, 'Omnis consequatur facere et nulla ad autem.', '2010-11-04 10:11:28');INSERT INTO "flits" ("id", "user_id", "message", "created_at") VALUES (27, 4, 'Praesentium aut ut ea placeat voluptatem.', '2010-11-04 10:11:28');INSERT INTO "flits" ("id", "user_id", "message", "created_at") VALUES (28, 4, 'Repellendus voluptatem unde et minus ut aperiam quo vel.', '2010-11-04 10:11:28');INSERT INTO "flits" ("id", "user_id", "message", "created_at") VALUES (29, 4, 'Quia tempora quisquam expedita sit.', '2010-11-04 10:11:28')[0m
  [4;35;1mFlit Last ID (0.7ms)[0m   [0mSELECT id FROM "flits" ORDER BY id DESC[0m
  [4;36;1mFlit Populate (4.7ms)[0m   [0;1mINSERT INTO "flits" ("id", "user_id", "message", "created_at") VALUES (30, 5, 'Repellat excepturi voluptatem rerum nisi.', '2010-11-04 10:11:28');INSERT INTO "flits" ("id", "user_id", "message", "created_at") VALUES (31, 5, 'Omnis eum dolorem praesentium enim sint harum.', '2010-11-04 10:11:28');INSERT INTO "flits" ("id", "user_id", "message", "created_at") VALUES (32, 5, 'Ea praesentium sint adipisci dolorum consequatur dignissimos accusamus.', '2010-11-04 10:11:28');INSERT INTO "flits" ("id", "user_id", "message", "created_at") VALUES (33, 5, 'Sunt laudantium quia dignissimos sed nobis.', '2010-11-04 10:11:28');INSERT INTO "flits" ("id", "user_id", "message", "created_at") VALUES (34, 5, 'Omnis itaque possimus error ut.', '2010-11-04 10:11:28');INSERT INTO "flits" ("id", "user_id", "message", "created_at") VALUES (35, 5, 'Magnam cumque possimus numquam omnis.', '2010-11-04 10:11:28');INSERT INTO "flits" ("id", "user_id", "message", "created_at") VALUES (36, 5, 'Quibusdam id totam aspernatur iure ad quidem ut magni.', '2010-11-04 10:11:28');INSERT INTO "flits" ("id", "user_id", "message", "created_at") VALUES (37, 5, 'Suscipit quasi hic voluptatem.', '2010-11-04 10:11:28');INSERT INTO "flits" ("id", "user_id", "message", "created_at") VALUES (38, 5, 'Fugiat omnis eos quibusdam eaque quia reprehenderit fugit ea.', '2010-11-04 10:11:28')[0m
  [4;35;1mFlit Last ID (0.9ms)[0m   [0mSELECT id FROM "flits" ORDER BY id DESC[0m
  [4;36;1mFlit Populate (2.7ms)[0m   [0;1mINSERT INTO "flits" ("id", "user_id", "message", "created_at") VALUES (39, 6, 'Totam est debitis provident repellat qui eius quod.', '2010-11-04 10:11:28');INSERT INTO "flits" ("id", "user_id", "message", "created_at") VALUES (40, 6, 'Deleniti aliquam totam sit vero ipsum.', '2010-11-04 10:11:28');INSERT INTO "flits" ("id", "user_id", "message", "created_at") VALUES (41, 6, 'Dolore nemo eum maxime eius nam.', '2010-11-04 10:11:28');INSERT INTO "flits" ("id", "user_id", "message", "created_at") VALUES (42, 6, 'Aut qui ratione quo cumque.', '2010-11-04 10:11:28');INSERT INTO "flits" ("id", "user_id", "message", "created_at") VALUES (43, 6, 'Aut maiores quis libero molestiae aut.', '2010-11-04 10:11:28');INSERT INTO "flits" ("id", "user_id", "message", "created_at") VALUES (44, 6, 'Quidem eius est impedit quos provident corporis.', '2010-11-04 10:11:28');INSERT INTO "flits" ("id", "user_id", "message", "created_at") VALUES (45, 6, 'Quis sit magnam repellat autem hic.', '2010-11-04 10:11:28');INSERT INTO "flits" ("id", "user_id", "message", "created_at") VALUES (46, 6, 'Facere eos iusto eligendi sed ipsam sed dolorem et.', '2010-11-04 10:11:28');INSERT INTO "flits" ("id", "user_id", "message", "created_at") VALUES (47, 6, 'Sed exercitationem esse deserunt voluptas itaque doloremque vel.', '2010-11-04 10:11:28');INSERT INTO "flits" ("id", "user_id", "message", "created_at") VALUES (48, 6, 'Illo dolore assumenda sed et quibusdam labore deserunt at.', '2010-11-04 10:11:28')[0m
  [4;35;1mFlit Last ID (1.2ms)[0m   [0mSELECT id FROM "flits" ORDER BY id DESC[0m
  [4;36;1mFlit Populate (3.2ms)[0m   [0;1mINSERT INTO "flits" ("id", "user_id", "message", "created_at") VALUES (49, 7, 'Quas aut quasi eum excepturi voluptatem aliquid necessitatibus.', '2010-11-04 10:11:28');INSERT INTO "flits" ("id", "user_id", "message", "created_at") VALUES (50, 7, 'Repudiandae est beatae tenetur voluptate nemo eligendi.', '2010-11-04 10:11:28');INSERT INTO "flits" ("id", "user_id", "message", "created_at") VALUES (51, 7, 'Ut cumque illo iusto iure beatae odio sunt blanditiis.', '2010-11-04 10:11:28');INSERT INTO "flits" ("id", "user_id", "message", "created_at") VALUES (52, 7, 'Atque tempore non voluptas.', '2010-11-04 10:11:28');INSERT INTO "flits" ("id", "user_id", "message", "created_at") VALUES (53, 7, 'Est cum ipsum eligendi minima commodi iusto neque.', '2010-11-04 10:11:28');INSERT INTO "flits" ("id", "user_id", "message", "created_at") VALUES (54, 7, 'Qui est natus animi porro eaque.', '2010-11-04 10:11:28');INSERT INTO "flits" ("id", "user_id", "message", "created_at") VALUES (55, 7, 'Id quibusdam dolorem blanditiis quis perferendis sed dignissimos atque.', '2010-11-04 10:11:28')[0m
  [4;35;1mFlit Last ID (1.1ms)[0m   [0mSELECT id FROM "flits" ORDER BY id DESC[0m
  [4;36;1mFlit Populate (4.8ms)[0m   [0;1mINSERT INTO "flits" ("id", "user_id", "message", "created_at") VALUES (56, 8, 'Eum consequatur deserunt quo unde ea temporibus similique ut.', '2010-11-04 10:11:28');INSERT INTO "flits" ("id", "user_id", "message", "created_at") VALUES (57, 8, 'Mollitia sunt a eos possimus facilis veniam aut.', '2010-11-04 10:11:28');INSERT INTO "flits" ("id", "user_id", "message", "created_at") VALUES (58, 8, 'Sunt tempora odit cupiditate deleniti magni repellat.', '2010-11-04 10:11:28');INSERT INTO "flits" ("id", "user_id", "message", "created_at") VALUES (59, 8, 'Facere est quia enim commodi.', '2010-11-04 10:11:28');INSERT INTO "flits" ("id", "user_id", "message", "created_at") VALUES (60, 8, 'Sit quae ipsa mollitia tenetur architecto impedit dolorem vitae.', '2010-11-04 10:11:28');INSERT INTO "flits" ("id", "user_id", "message", "created_at") VALUES (61, 8, 'Rerum ut harum tempora tempore deleniti voluptatibus inventore.', '2010-11-04 10:11:28');INSERT INTO "flits" ("id", "user_id", "message", "created_at") VALUES (62, 8, 'Qui odit voluptatem sed autem doloribus nam.', '2010-11-04 10:11:28');INSERT INTO "flits" ("id", "user_id", "message", "created_at") VALUES (63, 8, 'Omnis corrupti sint aspernatur iure.', '2010-11-04 10:11:28');INSERT INTO "flits" ("id", "user_id", "message", "created_at") VALUES (64, 8, 'Optio ipsam est qui repellendus eos et debitis.', '2010-11-04 10:11:28');INSERT INTO "flits" ("id", "user_id", "message", "created_at") VALUES (65, 8, 'Architecto debitis ipsa inventore dolorem praesentium.', '2010-11-04 10:11:28')[0m
  [4;35;1mFlit Last ID (1.5ms)[0m   [0mSELECT id FROM "flits" ORDER BY id DESC[0m
  [4;36;1mFlit Populate (2.4ms)[0m   [0;1mINSERT INTO "flits" ("id", "user_id", "message", "created_at") VALUES (66, 9, 'Inventore sint rerum repellendus qui repudiandae aut.', '2010-11-04 10:11:28');INSERT INTO "flits" ("id", "user_id", "message", "created_at") VALUES (67, 9, 'In ut corrupti temporibus magni corporis.', '2010-11-04 10:11:28');INSERT INTO "flits" ("id", "user_id", "message", "created_at") VALUES (68, 9, 'Labore assumenda quisquam qui tenetur et consequatur impedit sunt.', '2010-11-04 10:11:28');INSERT INTO "flits" ("id", "user_id", "message", "created_at") VALUES (69, 9, 'Repellendus qui aspernatur est.', '2010-11-04 10:11:28');INSERT INTO "flits" ("id", "user_id", "message", "created_at") VALUES (70, 9, 'Sit cum et voluptates repudiandae ut quia facere.', '2010-11-04 10:11:28')[0m
  [4;35;1mFlit Last ID (1.5ms)[0m   [0mSELECT id FROM "flits" ORDER BY id DESC[0m
  [4;36;1mFlit Populate (3.0ms)[0m   [0;1mINSERT INTO "flits" ("id", "user_id", "message", "created_at") VALUES (71, 10, 'Qui deleniti in temporibus delectus.', '2010-11-04 10:11:28');INSERT INTO "flits" ("id", "user_id", "message", "created_at") VALUES (72, 10, 'Earum quam ipsa mollitia illo optio repudiandae.', '2010-11-04 10:11:28');INSERT INTO "flits" ("id", "user_id", "message", "created_at") VALUES (73, 10, 'Mollitia provident commodi est libero dolorum distinctio ducimus omnis.', '2010-11-04 10:11:28');INSERT INTO "flits" ("id", "user_id", "message", "created_at") VALUES (74, 10, 'Sequi esse assumenda sunt consectetur voluptatem sunt.', '2010-11-04 10:11:28');INSERT INTO "flits" ("id", "user_id", "message", "created_at") VALUES (75, 10, 'Assumenda possimus similique in dolores dolor in sed.', '2010-11-04 10:11:28');INSERT INTO "flits" ("id", "user_id", "message", "created_at") VALUES (76, 10, 'Molestias commodi aspernatur nisi sapiente qui.', '2010-11-04 10:11:28')[0m
  [4;35;1mFlit Last ID (1.7ms)[0m   [0mSELECT id FROM "flits" ORDER BY id DESC[0m
  [4;36;1mFlit Populate (2.6ms)[0m   [0;1mINSERT INTO "flits" ("id", "user_id", "message", "created_at") VALUES (77, 11, 'Nihil est sint possimus ipsum repudiandae dicta rerum nulla.', '2010-11-04 10:11:28');INSERT INTO "flits" ("id", "user_id", "message", "created_at") VALUES (78, 11, 'Vero et aspernatur totam suscipit culpa molestiae.', '2010-11-04 10:11:28');INSERT INTO "flits" ("id", "user_id", "message", "created_at") VALUES (79, 11, 'At et ratione reprehenderit neque.', '2010-11-04 10:11:28');INSERT INTO "flits" ("id", "user_id", "message", "created_at") VALUES (80, 11, 'Voluptate iusto vel voluptas.', '2010-11-04 10:11:28');INSERT INTO "flits" ("id", "user_id", "message", "created_at") VALUES (81, 11, 'Quia dolorem quia eligendi magni rerum quae.', '2010-11-04 10:11:28');INSERT INTO "flits" ("id", "user_id", "message", "created_at") VALUES (82, 11, 'Cupiditate temporibus et consequatur minus maxime saepe iste quasi.', '2010-11-04 10:11:28')[0m
  [4;35;1mFlit Last ID (1.7ms)[0m   [0mSELECT id FROM "flits" ORDER BY id DESC[0m
  [4;36;1mFlit Populate (2.3ms)[0m   [0;1mINSERT INTO "flits" ("id", "user_id", "message", "created_at") VALUES (83, 12, 'Aliquam excepturi odio ut modi.', '2010-11-04 10:11:28');INSERT INTO "flits" ("id", "user_id", "message", "created_at") VALUES (84, 12, 'Aspernatur distinctio numquam nostrum rem ratione.', '2010-11-04 10:11:28');INSERT INTO "flits" ("id", "user_id", "message", "created_at") VALUES (85, 12, 'In voluptas quae sit.', '2010-11-04 10:11:28');INSERT INTO "flits" ("id", "user_id", "message", "created_at") VALUES (86, 12, 'Temporibus hic qui deleniti dolorum.', '2010-11-04 10:11:28');INSERT INTO "flits" ("id", "user_id", "message", "created_at") VALUES (87, 12, 'Quam sed recusandae alias.', '2010-11-04 10:11:28');INSERT INTO "flits" ("id", "user_id", "message", "created_at") VALUES (88, 12, 'Veniam porro tempora nemo ad et natus rerum.', '2010-11-04 10:11:28')[0m
  [4;35;1mFlit Last ID (1.8ms)[0m   [0mSELECT id FROM "flits" ORDER BY id DESC[0m
  [4;36;1mFlit Populate (3.5ms)[0m   [0;1mINSERT INTO "flits" ("id", "user_id", "message", "created_at") VALUES (89, 13, 'Consequuntur recusandae repellat nesciunt.', '2010-11-04 10:11:28');INSERT INTO "flits" ("id", "user_id", "message", "created_at") VALUES (90, 13, 'Est dignissimos quia corporis cupiditate ducimus.', '2010-11-04 10:11:28');INSERT INTO "flits" ("id", "user_id", "message", "created_at") VALUES (91, 13, 'Iure nemo sit architecto labore repellat saepe atque necessitatibus.', '2010-11-04 10:11:28');INSERT INTO "flits" ("id", "user_id", "message", "created_at") VALUES (92, 13, 'Excepturi facilis sed molestiae.', '2010-11-04 10:11:28');INSERT INTO "flits" ("id", "user_id", "message", "created_at") VALUES (93, 13, 'Enim eum blanditiis molestias delectus.', '2010-11-04 10:11:28');INSERT INTO "flits" ("id", "user_id", "message", "created_at") VALUES (94, 13, 'Nam reiciendis voluptatem qui expedita.', '2010-11-04 10:11:28');INSERT INTO "flits" ("id", "user_id", "message", "created_at") VALUES (95, 13, 'Similique vero dolore laboriosam.', '2010-11-04 10:11:28');INSERT INTO "flits" ("id", "user_id", "message", "created_at") VALUES (96, 13, 'Non vel voluptate quo ducimus id autem aut.', '2010-11-04 10:11:28');INSERT INTO "flits" ("id", "user_id", "message", "created_at") VALUES (97, 13, 'Ut quis vel commodi temporibus.', '2010-11-04 10:11:28')[0m
  [4;35;1mFlit Last ID (2.0ms)[0m   [0mSELECT id FROM "flits" ORDER BY id DESC[0m
  [4;36;1mFlit Populate (2.8ms)[0m   [0;1mINSERT INTO "flits" ("id", "user_id", "message", "created_at") VALUES (98, 14, 'Iste nihil qui ut commodi quisquam sapiente maiores.', '2010-11-04 10:11:28');INSERT INTO "flits" ("id", "user_id", "message", "created_at") VALUES (99, 14, 'Optio voluptas quis saepe quos odit et.', '2010-11-04 10:11:28');INSERT INTO "flits" ("id", "user_id", "message", "created_at") VALUES (100, 14, 'Molestiae amet error autem.', '2010-11-04 10:11:28');INSERT INTO "flits" ("id", "user_id", "message", "created_at") VALUES (101, 14, 'Et itaque tempora sed enim.', '2010-11-04 10:11:28');INSERT INTO "flits" ("id", "user_id", "message", "created_at") VALUES (102, 14, 'Dolorum quis consequuntur quas dolor fuga.', '2010-11-04 10:11:28')[0m
  [4;35;1mFlit Last ID (2.0ms)[0m   [0mSELECT id FROM "flits" ORDER BY id DESC[0m
  [4;36;1mFlit Populate (3.1ms)[0m   [0;1mINSERT INTO "flits" ("id", "user_id", "message", "created_at") VALUES (103, 15, 'Et tempora voluptatem accusantium minima rem optio in.', '2010-11-04 10:11:28');INSERT INTO "flits" ("id", "user_id", "message", "created_at") VALUES (104, 15, 'Consequuntur esse sapiente qui eligendi consequatur rem rerum quis.', '2010-11-04 10:11:28');INSERT INTO "flits" ("id", "user_id", "message", "created_at") VALUES (105, 15, 'Et porro blanditiis praesentium dolorem illum quae quia dolores.', '2010-11-04 10:11:28');INSERT INTO "flits" ("id", "user_id", "message", "created_at") VALUES (106, 15, 'Ullam sint amet dolores ea fuga omnis.', '2010-11-04 10:11:28');INSERT INTO "flits" ("id", "user_id", "message", "created_at") VALUES (107, 15, 'Asperiores dolor maxime perspiciatis esse ut animi ex.', '2010-11-04 10:11:28');INSERT INTO "flits" ("id", "user_id", "message", "created_at") VALUES (108, 15, 'Tempore est optio corrupti.', '2010-11-04 10:11:28');INSERT INTO "flits" ("id", "user_id", "message", "created_at") VALUES (109, 15, 'Doloremque aut libero maxime blanditiis molestias explicabo praesentium veritatis.', '2010-11-04 10:11:28');INSERT INTO "flits" ("id", "user_id", "message", "created_at") VALUES (110, 15, 'Dicta enim architecto rerum.', '2010-11-04 10:11:28')[0m
  [4;35;1mFlit Last ID (2.2ms)[0m   [0mSELECT id FROM "flits" ORDER BY id DESC[0m
  [4;36;1mFlit Populate (3.0ms)[0m   [0;1mINSERT INTO "flits" ("id", "user_id", "message", "created_at") VALUES (111, 16, 'Animi et quos officia tempore adipisci ut eligendi.', '2010-11-04 10:11:28');INSERT INTO "flits" ("id", "user_id", "message", "created_at") VALUES (112, 16, 'Recusandae voluptas est quam aut eaque.', '2010-11-04 10:11:28');INSERT INTO "flits" ("id", "user_id", "message", "created_at") VALUES (113, 16, 'Quam labore sint atque velit.', '2010-11-04 10:11:28');INSERT INTO "flits" ("id", "user_id", "message", "created_at") VALUES (114, 16, 'In voluptatem veniam earum.', '2010-11-04 10:11:28');INSERT INTO "flits" ("id", "user_id", "message", "created_at") VALUES (115, 16, 'Eveniet voluptatibus voluptas sapiente id doloribus commodi totam.', '2010-11-04 10:11:28');INSERT INTO "flits" ("id", "user_id", "message", "created_at") VALUES (116, 16, 'Voluptas illo eligendi nemo perferendis.', '2010-11-04 10:11:28');INSERT INTO "flits" ("id", "user_id", "message", "created_at") VALUES (117, 16, 'Qui distinctio mollitia non.', '2010-11-04 10:11:28')[0m
  [4;35;1mFlit Last ID (10.4ms)[0m   [0mSELECT id FROM "flits" ORDER BY id DESC[0m
  [4;36;1mFlit Populate (3.0ms)[0m   [0;1mINSERT INTO "flits" ("id", "user_id", "message", "created_at") VALUES (118, 17, 'Alias voluptatem ullam dicta autem maiores quibusdam aliquid sit.', '2010-11-04 10:11:28');INSERT INTO "flits" ("id", "user_id", "message", "created_at") VALUES (119, 17, 'Quo assumenda molestias voluptas.', '2010-11-04 10:11:28');INSERT INTO "flits" ("id", "user_id", "message", "created_at") VALUES (120, 17, 'Cumque quae aut aut et qui necessitatibus molestiae perspiciatis.', '2010-11-04 10:11:28');INSERT INTO "flits" ("id", "user_id", "message", "created_at") VALUES (121, 17, 'Velit omnis recusandae eveniet saepe et voluptatem laudantium harum.', '2010-11-04 10:11:28');INSERT INTO "flits" ("id", "user_id", "message", "created_at") VALUES (122, 17, 'Cum sequi repellendus facilis iusto eum.', '2010-11-04 10:11:28');INSERT INTO "flits" ("id", "user_id", "message", "created_at") VALUES (123, 17, 'Ipsam consectetur nulla sed beatae.', '2010-11-04 10:11:28')[0m
  [4;35;1mFlit Last ID (2.6ms)[0m   [0mSELECT id FROM "flits" ORDER BY id DESC[0m
  [4;36;1mFlit Populate (3.7ms)[0m   [0;1mINSERT INTO "flits" ("id", "user_id", "message", "created_at") VALUES (124, 18, 'Qui ut cupiditate sequi.', '2010-11-04 10:11:28');INSERT INTO "flits" ("id", "user_id", "message", "created_at") VALUES (125, 18, 'Doloremque aspernatur dolor maiores.', '2010-11-04 10:11:28');INSERT INTO "flits" ("id", "user_id", "message", "created_at") VALUES (126, 18, 'Debitis dolorem quo quod animi.', '2010-11-04 10:11:28');INSERT INTO "flits" ("id", "user_id", "message", "created_at") VALUES (127, 18, 'Et minus dolorem qui alias aspernatur nulla.', '2010-11-04 10:11:28');INSERT INTO "flits" ("id", "user_id", "message", "created_at") VALUES (128, 18, 'Aut a tempora deserunt ratione et.', '2010-11-04 10:11:28');INSERT INTO "flits" ("id", "user_id", "message", "created_at") VALUES (129, 18, 'Quos ipsa voluptas deleniti.', '2010-11-04 10:11:28');INSERT INTO "flits" ("id", "user_id", "message", "created_at") VALUES (130, 18, 'Modi magnam assumenda delectus commodi.', '2010-11-04 10:11:28');INSERT INTO "flits" ("id", "user_id", "message", "created_at") VALUES (131, 18, 'Fugit voluptatem commodi est voluptatem.', '2010-11-04 10:11:28');INSERT INTO "flits" ("id", "user_id", "message", "created_at") VALUES (132, 18, 'Optio voluptatum soluta dolorem doloremque sequi modi.', '2010-11-04 10:11:28');INSERT INTO "flits" ("id", "user_id", "message", "created_at") VALUES (133, 18, 'A incidunt et eos magni qui est voluptatem ad.', '2010-11-04 10:11:28')[0m
  [4;35;1mFlit Last ID (2.8ms)[0m   [0mSELECT id FROM "flits" ORDER BY id DESC[0m
  [4;36;1mFlit Populate (2.6ms)[0m   [0;1mINSERT INTO "flits" ("id", "user_id", "message", "created_at") VALUES (134, 19, 'Excepturi vitae dolores animi.', '2010-11-04 10:11:28');INSERT INTO "flits" ("id", "user_id", "message", "created_at") VALUES (135, 19, 'Non quos velit autem vel blanditiis aut voluptatem.', '2010-11-04 10:11:28');INSERT INTO "flits" ("id", "user_id", "message", "created_at") VALUES (136, 19, 'Reprehenderit totam et ut dignissimos.', '2010-11-04 10:11:28');INSERT INTO "flits" ("id", "user_id", "message", "created_at") VALUES (137, 19, 'Ut nihil culpa est aliquam quia at illum cupiditate.', '2010-11-04 10:11:28');INSERT INTO "flits" ("id", "user_id", "message", "created_at") VALUES (138, 19, 'Hic ad natus soluta accusantium suscipit culpa.', '2010-11-04 10:11:28');INSERT INTO "flits" ("id", "user_id", "message", "created_at") VALUES (139, 19, 'Autem voluptas occaecati voluptatum ratione quo minima magnam.', '2010-11-04 10:11:28');INSERT INTO "flits" ("id", "user_id", "message", "created_at") VALUES (140, 19, 'Omnis voluptas doloribus eius atque.', '2010-11-04 10:11:28');INSERT INTO "flits" ("id", "user_id", "message", "created_at") VALUES (141, 19, 'Velit minus nulla debitis distinctio nihil aspernatur.', '2010-11-04 10:11:28');INSERT INTO "flits" ("id", "user_id", "message", "created_at") VALUES (142, 19, 'Veritatis dolorem unde sint qui vitae dolore expedita.', '2010-11-04 10:11:28')[0m
  [4;35;1mFlit Last ID (3.1ms)[0m   [0mSELECT id FROM "flits" ORDER BY id DESC[0m
  [4;36;1mFlit Populate (3.0ms)[0m   [0;1mINSERT INTO "flits" ("id", "user_id", "message", "created_at") VALUES (143, 20, 'Corporis ut ut nihil atque cumque.', '2010-11-04 10:11:28');INSERT INTO "flits" ("id", "user_id", "message", "created_at") VALUES (144, 20, 'Et voluptas nisi dolorem nihil quisquam sapiente.', '2010-11-04 10:11:28');INSERT INTO "flits" ("id", "user_id", "message", "created_at") VALUES (145, 20, 'Voluptas quod eos soluta a quisquam voluptatem aut omnis.', '2010-11-04 10:11:28');INSERT INTO "flits" ("id", "user_id", "message", "created_at") VALUES (146, 20, 'Eos dolorem necessitatibus ut aspernatur commodi est id sed.', '2010-11-04 10:11:28');INSERT INTO "flits" ("id", "user_id", "message", "created_at") VALUES (147, 20, 'Nesciunt consequatur facere et.', '2010-11-04 10:11:28');INSERT INTO "flits" ("id", "user_id", "message", "created_at") VALUES (148, 20, 'Qui possimus iusto quia iure voluptatem sed.', '2010-11-04 10:11:28');INSERT INTO "flits" ("id", "user_id", "message", "created_at") VALUES (149, 20, 'Nostrum ut illum sint nam ab veritatis.', '2010-11-04 10:11:28')[0m
  [4;35;1mFlit Last ID (3.1ms)[0m   [0mSELECT id FROM "flits" ORDER BY id DESC[0m
  [4;36;1mFlit Populate (3.4ms)[0m   [0;1mINSERT INTO "flits" ("id", "user_id", "message", "created_at") VALUES (150, 21, 'Iusto ipsam ut rerum possimus.', '2010-11-04 10:11:28');INSERT INTO "flits" ("id", "user_id", "message", "created_at") VALUES (151, 21, 'Dignissimos consequatur non et et officiis quibusdam impedit.', '2010-11-04 10:11:28');INSERT INTO "flits" ("id", "user_id", "message", "created_at") VALUES (152, 21, 'Excepturi quidem et odio.', '2010-11-04 10:11:28');INSERT INTO "flits" ("id", "user_id", "message", "created_at") VALUES (153, 21, 'Ipsam nam dolorem praesentium tenetur consequuntur autem ut.', '2010-11-04 10:11:28');INSERT INTO "flits" ("id", "user_id", "message", "created_at") VALUES (154, 21, 'In quia suscipit et aperiam.', '2010-11-04 10:11:28');INSERT INTO "flits" ("id", "user_id", "message", "created_at") VALUES (155, 21, 'Rerum non sit labore quia.', '2010-11-04 10:11:28');INSERT INTO "flits" ("id", "user_id", "message", "created_at") VALUES (156, 21, 'Fugiat eligendi vel laboriosam veritatis quis.', '2010-11-04 10:11:28');INSERT INTO "flits" ("id", "user_id", "message", "created_at") VALUES (157, 21, 'Eius aliquam eaque quo sint commodi rerum vitae ut.', '2010-11-04 10:11:28');INSERT INTO "flits" ("id", "user_id", "message", "created_at") VALUES (158, 21, 'Assumenda quo nesciunt quas aut sit tempore.', '2010-11-04 10:11:28')[0m
  [4;36;1mUser Load (1.5ms)[0m   [0;1mSELECT * FROM "users" [0m
  [4;35;1mUser Load (0.5ms)[0m   [0mSELECT * FROM "users" LIMIT 1[0m
  [4;36;1mFlit Load (1.2ms)[0m   [0;1mSELECT * FROM "flits" WHERE ("flits".user_id = 1) [0m
  [4;35;1mSQL (0.5ms)[0m   [0mSELECT count(*) AS count_all FROM "flits" WHERE ("flits".user_id = 1) [0m
